<?xml version="1.0" encoding="utf-8"?><testsuite errors="0" failures="0" name="pytest" skips="0" tests="59" time="5.279"><testcase classname="pytest_harvest.tests.test_all_raw_with_meta_check" file="pytest_harvest/tests/test_all_raw_with_meta_check.py" line="21" name="test_run_all_tests[test_results_bags.py]" time="0.05126142501831055"><system-out>
Testing in tmp folder &apos;&lt;Testdir local(&apos;/tmp/pytest-of-travis/pytest-0/testdir/test_run_all_tests0&apos;)&gt;&apos; that running pytest on file &apos;test_results_bags.py&apos; results in {&apos;failed&apos;: 0, &apos;skipped&apos;: 0, &apos;passed&apos;: 6}
============================= test session starts ==============================
platform linux -- Python 3.5.6, pytest-2.9.2, py-1.9.0, pluggy-0.3.1 -- /home/travis/miniconda/envs/test-environment/bin/python
cachedir: .cache
rootdir: /tmp/pytest-of-travis/pytest-0/testdir/test_run_all_tests0, inifile: pytest.ini
plugins: logging-2015.11.4, html-1.9.0, harvest-1.10.1, cases-2.7.2
collecting ... collected 6 items

test_run_all_tests.py::test_my_app_bench[A-1] PASSED
test_run_all_tests.py::test_my_app_bench[A-2] PASSED
test_run_all_tests.py::test_my_app_bench[B-1] PASSED
test_run_all_tests.py::test_my_app_bench[B-2] PASSED
test_run_all_tests.py::test_my_app_bench[C-1] PASSED
test_run_all_tests.py::test_my_app_bench[C-2] PASSED

=========================== 6 passed in 0.03 seconds ===========================
</system-out></testcase><testcase classname="pytest_harvest.tests.test_all_raw_with_meta_check" file="pytest_harvest/tests/test_all_raw_with_meta_check.py" line="21" name="test_run_all_tests[test_saved_fixture_in_global_var.py]" time="0.0356907844543457"><system-out>
Testing in tmp folder &apos;&lt;Testdir local(&apos;/tmp/pytest-of-travis/pytest-0/testdir/test_run_all_tests1&apos;)&gt;&apos; that running pytest on file &apos;test_saved_fixture_in_global_var.py&apos; results in {&apos;failed&apos;: 0, &apos;passed&apos;: 2}
============================= test session starts ==============================
platform linux -- Python 3.5.6, pytest-2.9.2, py-1.9.0, pluggy-0.3.1 -- /home/travis/miniconda/envs/test-environment/bin/python
cachedir: .cache
rootdir: /tmp/pytest-of-travis/pytest-0/testdir/test_run_all_tests1, inifile: pytest.ini
plugins: logging-2015.11.4, html-1.9.0, harvest-1.10.1, cases-2.7.2
collecting ... collected 2 items

test_run_all_tests.py::test_foo[0.565068987460324] PASSED
test_run_all_tests.py::test_foo[0.16521622672069114] PASSED

=========================== 2 passed in 0.01 seconds ===========================
</system-out></testcase><testcase classname="pytest_harvest.tests.test_all_raw_with_meta_check" file="pytest_harvest/tests/test_all_raw_with_meta_check.py" line="21" name="test_run_all_tests[test_all_together.py]" time="0.053864240646362305"><system-out>
Testing in tmp folder &apos;&lt;Testdir local(&apos;/tmp/pytest-of-travis/pytest-0/testdir/test_run_all_tests2&apos;)&gt;&apos; that running pytest on file &apos;test_all_together.py&apos; results in {&apos;failed&apos;: 0, &apos;skipped&apos;: 0, &apos;passed&apos;: 9}
============================= test session starts ==============================
platform linux -- Python 3.5.6, pytest-2.9.2, py-1.9.0, pluggy-0.3.1 -- /home/travis/miniconda/envs/test-environment/bin/python
cachedir: .cache
rootdir: /tmp/pytest-of-travis/pytest-0/testdir/test_run_all_tests2, inifile: pytest.ini
plugins: logging-2015.11.4, html-1.9.0, harvest-1.10.1, cases-2.7.2
collecting ... collected 9 items

test_run_all_tests.py::test_complete[A-p=10] PASSED
test_run_all_tests.py::test_complete[A-p=20] PASSED
test_run_all_tests.py::test_complete[B-p=10] PASSED
test_run_all_tests.py::test_complete[B-p=20] PASSED
test_run_all_tests.py::test_complete[C-p=10] PASSED
test_run_all_tests.py::test_complete[C-p=20] PASSED
test_run_all_tests.py::test_synthesis[False-None] PASSED
test_run_all_tests.py::test_synthesis[True-None] PASSED
test_run_all_tests.py::test_synthesis[True-my_results] PASSED

=========================== 9 passed in 0.03 seconds ===========================
</system-out></testcase><testcase classname="pytest_harvest.tests.test_all_raw_with_meta_check" file="pytest_harvest/tests/test_all_raw_with_meta_check.py" line="21" name="test_run_all_tests[test_saved_fixture_session.py]" time="0.03470325469970703"><system-out>
Testing in tmp folder &apos;&lt;Testdir local(&apos;/tmp/pytest-of-travis/pytest-0/testdir/test_run_all_tests3&apos;)&gt;&apos; that running pytest on file &apos;test_saved_fixture_session.py&apos; results in {&apos;failed&apos;: 0, &apos;passed&apos;: 2}
============================= test session starts ==============================
platform linux -- Python 3.5.6, pytest-2.9.2, py-1.9.0, pluggy-0.3.1 -- /home/travis/miniconda/envs/test-environment/bin/python
cachedir: .cache
rootdir: /tmp/pytest-of-travis/pytest-0/testdir/test_run_all_tests3, inifile: pytest.ini
plugins: logging-2015.11.4, html-1.9.0, harvest-1.10.1, cases-2.7.2
collecting ... collected 2 items

test_run_all_tests.py::test_foo[0.02197152542185765] PASSED
test_run_all_tests.py::test_foo[0.9316458337995198] PASSED

=========================== 2 passed in 0.01 seconds ===========================
</system-out></testcase><testcase classname="pytest_harvest.tests.test_all_raw_with_meta_check" file="pytest_harvest/tests/test_all_raw_with_meta_check.py" line="21" name="test_run_all_tests[test_saved_fixture_in_fixture.py]" time="0.034412384033203125"><system-out>
Testing in tmp folder &apos;&lt;Testdir local(&apos;/tmp/pytest-of-travis/pytest-0/testdir/test_run_all_tests4&apos;)&gt;&apos; that running pytest on file &apos;test_saved_fixture_in_fixture.py&apos; results in {&apos;failed&apos;: 0, &apos;passed&apos;: 2}
============================= test session starts ==============================
platform linux -- Python 3.5.6, pytest-2.9.2, py-1.9.0, pluggy-0.3.1 -- /home/travis/miniconda/envs/test-environment/bin/python
cachedir: .cache
rootdir: /tmp/pytest-of-travis/pytest-0/testdir/test_run_all_tests4, inifile: pytest.ini
plugins: logging-2015.11.4, html-1.9.0, harvest-1.10.1, cases-2.7.2
collecting ... collected 2 items

test_run_all_tests.py::test_foo[0.1777185507225102] PASSED
test_run_all_tests.py::test_foo[0.2951983638444444] PASSED

=========================== 2 passed in 0.01 seconds ===========================
</system-out></testcase><testcase classname="pytest_harvest.tests.test_all_raw_with_meta_check" file="pytest_harvest/tests/test_all_raw_with_meta_check.py" line="21" name="test_run_all_tests[test_default_fixtures.py]" time="0.0678861141204834"><system-out>
Testing in tmp folder &apos;&lt;Testdir local(&apos;/tmp/pytest-of-travis/pytest-0/testdir/test_run_all_tests5&apos;)&gt;&apos; that running pytest on file &apos;test_default_fixtures.py&apos; results in {&apos;failed&apos;: 0, &apos;skipped&apos;: 0, &apos;passed&apos;: 8}
============================= test session starts ==============================
platform linux -- Python 3.5.6, pytest-2.9.2, py-1.9.0, pluggy-0.3.1 -- /home/travis/miniconda/envs/test-environment/bin/python
cachedir: .cache
rootdir: /tmp/pytest-of-travis/pytest-0/testdir/test_run_all_tests5, inifile: pytest.ini
plugins: logging-2015.11.4, html-1.9.0, harvest-1.10.1, cases-2.7.2
collecting ... collected 8 items

test_run_all_tests.py::test_foo[1-hello] PASSED
test_run_all_tests.py::test_foo[1-world] PASSED
test_run_all_tests.py::test_foo[2-hello] PASSED
test_run_all_tests.py::test_foo[2-world] PASSED
test_run_all_tests.py::test_synthesis_default_module_dct PASSED
test_run_all_tests.py::test_synthesis_default_module_df PASSED
test_run_all_tests.py::test_synthesis_default_session_dct PASSED
test_run_all_tests.py::test_synthesis_default_session_df PASSED

=========================== 8 passed in 0.02 seconds ===========================
</system-out></testcase><testcase classname="pytest_harvest.tests.test_all_raw_with_meta_check" file="pytest_harvest/tests/test_all_raw_with_meta_check.py" line="21" name="test_run_all_tests[test_saved_fixture_basic.py]" time="0.030591964721679688"><system-out>
Testing in tmp folder &apos;&lt;Testdir local(&apos;/tmp/pytest-of-travis/pytest-0/testdir/test_run_all_tests6&apos;)&gt;&apos; that running pytest on file &apos;test_saved_fixture_basic.py&apos; results in {&apos;failed&apos;: 0, &apos;skipped&apos;: 0, &apos;passed&apos;: 2}
============================= test session starts ==============================
platform linux -- Python 3.5.6, pytest-2.9.2, py-1.9.0, pluggy-0.3.1 -- /home/travis/miniconda/envs/test-environment/bin/python
cachedir: .cache
rootdir: /tmp/pytest-of-travis/pytest-0/testdir/test_run_all_tests6, inifile: pytest.ini
plugins: logging-2015.11.4, html-1.9.0, harvest-1.10.1, cases-2.7.2
collecting ... collected 2 items

test_run_all_tests.py::test_dummy PASSED
test_run_all_tests.py::test_synthesis PASSED

=========================== 2 passed in 0.01 seconds ===========================
</system-out></testcase><testcase classname="pytest_harvest.tests.test_all_raw_with_meta_check" file="pytest_harvest/tests/test_all_raw_with_meta_check.py" line="21" name="test_run_all_tests[test_saved_fixture_session_module.py]" time="0.0332491397857666"><system-out>
Testing in tmp folder &apos;&lt;Testdir local(&apos;/tmp/pytest-of-travis/pytest-0/testdir/test_run_all_tests7&apos;)&gt;&apos; that running pytest on file &apos;test_saved_fixture_session_module.py&apos; results in {&apos;failed&apos;: 0, &apos;passed&apos;: 3}
============================= test session starts ==============================
platform linux -- Python 3.5.6, pytest-2.9.2, py-1.9.0, pluggy-0.3.1 -- /home/travis/miniconda/envs/test-environment/bin/python
cachedir: .cache
rootdir: /tmp/pytest-of-travis/pytest-0/testdir/test_run_all_tests7, inifile: pytest.ini
plugins: logging-2015.11.4, html-1.9.0, harvest-1.10.1, cases-2.7.2
collecting ... collected 3 items

test_run_all_tests.py::test_foo PASSED
test_run_all_tests.py::test_bar PASSED
test_run_all_tests.py::test_synthesis PASSED

=========================== 3 passed in 0.01 seconds ===========================
</system-out></testcase><testcase classname="pytest_harvest.tests.test_all_raw_with_meta_check" file="pytest_harvest/tests/test_all_raw_with_meta_check.py" line="21" name="test_run_all_tests[test_get_session_results_indirect_and_noparam.py]" time="0.03348112106323242"><system-out>
Testing in tmp folder &apos;&lt;Testdir local(&apos;/tmp/pytest-of-travis/pytest-0/testdir/test_run_all_tests8&apos;)&gt;&apos; that running pytest on file &apos;test_get_session_results_indirect_and_noparam.py&apos; results in {&apos;failed&apos;: 0, &apos;skipped&apos;: 0, &apos;passed&apos;: 5}
============================= test session starts ==============================
platform linux -- Python 3.5.6, pytest-2.9.2, py-1.9.0, pluggy-0.3.1 -- /home/travis/miniconda/envs/test-environment/bin/python
cachedir: .cache
rootdir: /tmp/pytest-of-travis/pytest-0/testdir/test_run_all_tests8, inifile: pytest.ini
plugins: logging-2015.11.4, html-1.9.0, harvest-1.10.1, cases-2.7.2
collecting ... collected 5 items

test_run_all_tests.py::test_foo[1] PASSED
test_run_all_tests.py::test_foo[2] PASSED
test_run_all_tests.py::test_get_all_pytest_fixture_names_indirect PASSED
test_run_all_tests.py::test_foo2 PASSED
test_run_all_tests.py::test_get_all_pytest_fixture_names_no_param PASSED

=========================== 5 passed in 0.01 seconds ===========================
</system-out></testcase><testcase classname="pytest_harvest.tests.test_all_raw_with_meta_check" file="pytest_harvest/tests/test_all_raw_with_meta_check.py" line="21" name="test_run_all_tests[test_get_session_results.py]" time="0.08395957946777344"><system-out>
Testing in tmp folder &apos;&lt;Testdir local(&apos;/tmp/pytest-of-travis/pytest-0/testdir/test_run_all_tests9&apos;)&gt;&apos; that running pytest on file &apos;test_get_session_results.py&apos; results in {&apos;failed&apos;: 1, &apos;skipped&apos;: 1, &apos;passed&apos;: 17}
============================= test session starts ==============================
platform linux -- Python 3.5.6, pytest-2.9.2, py-1.9.0, pluggy-0.3.1 -- /home/travis/miniconda/envs/test-environment/bin/python
cachedir: .cache
rootdir: /tmp/pytest-of-travis/pytest-0/testdir/test_run_all_tests9, inifile: pytest.ini
plugins: logging-2015.11.4, html-1.9.0, harvest-1.10.1, cases-2.7.2
collecting ... collected 19 items

test_run_all_tests.py::test_run_all_tests.doctestable PASSED
test_run_all_tests.py::test_foo[1-hello] PASSED
test_run_all_tests.py::test_foo[1-world] PASSED
test_run_all_tests.py::test_foo[2-hello] PASSED
test_run_all_tests.py::test_foo[2-world] PASSED
test_run_all_tests.py::test_foo_synthesis_all_options[duration_in_ms=False-flatten=False] PASSED
test_run_all_tests.py::test_foo_synthesis_all_options[duration_in_ms=False-flatten=True] PASSED
test_run_all_tests.py::test_foo_synthesis_all_options[duration_in_ms=True-flatten=False] PASSED
test_run_all_tests.py::test_foo_synthesis_all_options[duration_in_ms=True-flatten=True] PASSED
test_run_all_tests.py::test_skipped SKIPPED
test_run_all_tests.py::test_failing FAILED
test_run_all_tests.py::test_synthesis_skipped PASSED
test_run_all_tests.py::test_synthesis_failed PASSED
test_run_all_tests.py::TestX::test_easy[True] PASSED
test_run_all_tests.py::TestX::test_easy[False] PASSED
test_run_all_tests.py::test_synthesis_id_formatting PASSED
test_run_all_tests.py::test_get_all_pytest_param_names PASSED
test_run_all_tests.py::test_get_all_pytest_fixture_names PASSED
test_run_all_tests.py::test_synthesis_contains_everything PASSED

=================================== FAILURES ===================================
_________________________________ test_failing _________________________________

    def test_failing():
&gt;       pytest.fail(&quot;normal, intended failure here&quot;)
E       Failed: normal, intended failure here

test_run_all_tests.py:116: Failed
================ 1 failed, 17 passed, 1 skipped in 0.06 seconds ================
</system-out></testcase><testcase classname="pytest_harvest.tests.test_all_raw_with_meta_check" file="pytest_harvest/tests/test_all_raw_with_meta_check.py" line="21" name="test_run_all_tests[test_saved_fixture_module_params.py]" time="0.04409193992614746"><system-out>
Testing in tmp folder &apos;&lt;Testdir local(&apos;/tmp/pytest-of-travis/pytest-0/testdir/test_run_all_tests10&apos;)&gt;&apos; that running pytest on file &apos;test_saved_fixture_module_params.py&apos; results in {&apos;failed&apos;: 0, &apos;passed&apos;: 7}
============================= test session starts ==============================
platform linux -- Python 3.5.6, pytest-2.9.2, py-1.9.0, pluggy-0.3.1 -- /home/travis/miniconda/envs/test-environment/bin/python
cachedir: .cache
rootdir: /tmp/pytest-of-travis/pytest-0/testdir/test_run_all_tests10, inifile: pytest.ini
plugins: logging-2015.11.4, html-1.9.0, harvest-1.10.1, cases-2.7.2
collecting ... collected 7 items

test_run_all_tests.py::test_foo[1] PASSED
test_run_all_tests.py::test_bar[1-a] PASSED
test_run_all_tests.py::test_bar[2-a] PASSED
test_run_all_tests.py::test_foo[2] PASSED
test_run_all_tests.py::test_bar[2-b] PASSED
test_run_all_tests.py::test_bar[1-b] PASSED
test_run_all_tests.py::test_synthesis PASSED

=========================== 7 passed in 0.02 seconds ===========================
</system-out></testcase><testcase classname="pytest_harvest.tests.test_doc_basic_dct" file="pytest_harvest/tests/test_doc_basic_dct.py" line="5" name="test_foo[world]" time="0.5013027191162109"><system-out>
   hello, world !
</system-out></testcase><testcase classname="pytest_harvest.tests.test_doc_basic_dct" file="pytest_harvest/tests/test_doc_basic_dct.py" line="5" name="test_foo[self]" time="0.40119099617004395"><system-out>
   hello, self !
</system-out></testcase><testcase classname="pytest_harvest.tests.test_doc_basic_dct" file="pytest_harvest/tests/test_doc_basic_dct.py" line="14" name="test_synthesis" time="0.0011229515075683594"><system-out>
   Available `module_results_dct` keys:
    - test_foo[world]
    - test_foo[self]

   Contents of &apos;test_foo[world]&apos;:
    - &apos;pytest_obj&apos;: &lt;function test_foo at 0x7fef3ea38ea0&gt;
    - &apos;status&apos;: passed
    - &apos;duration_ms&apos;: 500.7815361022949
    - &apos;status_details&apos;:
      - &apos;teardown&apos;: (&apos;passed&apos;, 0.11038780212402344)
      - &apos;call&apos;: (&apos;passed&apos;, 500.7815361022949)
      - &apos;setup&apos;: (&apos;passed&apos;, 0.4107952117919922)
    - &apos;params&apos;: OrderedDict([(&apos;p&apos;, &apos;world&apos;)])
    - &apos;fixtures&apos;: OrderedDict()
</system-out></testcase><testcase classname="pytest_harvest.tests.test_doc_basic_df" file="pytest_harvest/tests/test_doc_basic_df.py" line="5" name="test_foo[world]" time="0.5015769004821777"><system-out>
   hello, world !
</system-out></testcase><testcase classname="pytest_harvest.tests.test_doc_basic_df" file="pytest_harvest/tests/test_doc_basic_df.py" line="5" name="test_foo[self]" time="0.40135812759399414"><system-out>
   hello, self !
</system-out></testcase><testcase classname="pytest_harvest.tests.test_doc_basic_df" file="pytest_harvest/tests/test_doc_basic_df.py" line="14" name="test_synthesis" time="0.01223897933959961"><system-out>
   `module_results_df` dataframe:

                                            pytest_obj  ...        p
test_id                                                 ...         
test_foo[world]  &lt;function test_foo at 0x7fef3ea7e9d8&gt;  ...    world
test_foo[self]   &lt;function test_foo at 0x7fef3ea7e9d8&gt;  ...     self

[2 rows x 4 columns]
</system-out></testcase><testcase classname="pytest_harvest.tests.test_doc_basic_df_all" file="pytest_harvest/tests/test_doc_basic_df_all.py" line="21" name="test_foo[0-False]" time="0.5027492046356201"><system-out>
   hello, world !
</system-out></testcase><testcase classname="pytest_harvest.tests.test_doc_basic_df_all" file="pytest_harvest/tests/test_doc_basic_df_all.py" line="21" name="test_foo[0-True]" time="1.0036883354187012"><system-out>
   hello, world !
</system-out></testcase><testcase classname="pytest_harvest.tests.test_doc_basic_df_all" file="pytest_harvest/tests/test_doc_basic_df_all.py" line="21" name="test_foo[1-False]" time="0.4029412269592285"><system-out>
   hello, self !
</system-out></testcase><testcase classname="pytest_harvest.tests.test_doc_basic_df_all" file="pytest_harvest/tests/test_doc_basic_df_all.py" line="21" name="test_foo[1-True]" time="0.8029637336730957"><system-out>
   hello, self !
</system-out></testcase><testcase classname="pytest_harvest.tests.test_doc_basic_df_all" file="pytest_harvest/tests/test_doc_basic_df_all.py" line="34" name="test_synthesis" time="0.0049207210540771484"><system-out>
   `module_results_df` dataframe:

| test_id           | pytest_obj                            | status   |   duration_ms | double_sleep_time   |   person_param | person   |   nb_letters | current_time               |
|:------------------|:--------------------------------------|:---------|--------------:|:--------------------|---------------:|:---------|-------------:|:---------------------------|
| test_foo[0-False] | &lt;function test_foo at 0x7fef3ea73268&gt; | passed   |       500.804 | False               |              0 | world    |            5 | 2020-12-08T23:09:24.919903 |
| test_foo[0-True]  | &lt;function test_foo at 0x7fef3ea73268&gt; | passed   |      1001.57  | True                |              0 | world    |            5 | 2020-12-08T23:09:25.925002 |
| test_foo[1-False] | &lt;function test_foo at 0x7fef3ea73268&gt; | passed   |       400.703 | False               |              1 | self     |            4 | 2020-12-08T23:09:26.329795 |
| test_foo[1-True]  | &lt;function test_foo at 0x7fef3ea73268&gt; | passed   |       801.075 | True                |              1 | self     |            4 | 2020-12-08T23:09:27.134450 |
</system-out></testcase><testcase classname="pytest_harvest.tests.test_doc_basic_results_bag" file="pytest_harvest/tests/test_doc_basic_results_bag.py" line="5" name="test_foo[world]" time="0.0013501644134521484"><system-out>
   hello, world !
</system-out></testcase><testcase classname="pytest_harvest.tests.test_doc_basic_results_bag" file="pytest_harvest/tests/test_doc_basic_results_bag.py" line="5" name="test_foo[self]" time="0.0014810562133789062"><system-out>
   hello, self !
</system-out></testcase><testcase classname="pytest_harvest.tests.test_doc_basic_results_bag" file="pytest_harvest/tests/test_doc_basic_results_bag.py" line="17" name="test_synthesis" time="0.0009570121765136719"><system-out>
   Available `fixture_store` keys:
    - &apos;dummy&apos;
    - &apos;my_fix&apos;
    - &apos;my_fix2&apos;
    - &apos;person&apos;
    - &apos;results_bag&apos;

   Contents of `fixture_store[&apos;results_bag&apos;]`:
    - &apos;pytest_harvest/tests/test_doc_basic_df_all.py::test_foo[0-False]&apos;:
      - &apos;nb_letters&apos;: 5
      - &apos;current_time&apos;: 2020-12-08T23:09:24.919903
    - &apos;pytest_harvest/tests/test_doc_basic_df_all.py::test_foo[0-True]&apos;:
      - &apos;nb_letters&apos;: 5
      - &apos;current_time&apos;: 2020-12-08T23:09:25.925002
    - &apos;pytest_harvest/tests/test_doc_basic_df_all.py::test_foo[1-False]&apos;:
      - &apos;nb_letters&apos;: 4
      - &apos;current_time&apos;: 2020-12-08T23:09:26.329795
    - &apos;pytest_harvest/tests/test_doc_basic_df_all.py::test_foo[1-True]&apos;:
      - &apos;nb_letters&apos;: 4
      - &apos;current_time&apos;: 2020-12-08T23:09:27.134450
    - &apos;pytest_harvest/tests/test_doc_basic_results_bag.py::test_foo[world]&apos;:
      - &apos;nb_letters&apos;: 5
      - &apos;current_time&apos;: 2020-12-08T23:09:27.144008
    - &apos;pytest_harvest/tests/test_doc_basic_results_bag.py::test_foo[self]&apos;:
      - &apos;nb_letters&apos;: 4
      - &apos;current_time&apos;: 2020-12-08T23:09:27.146440
</system-out></testcase><testcase classname="pytest_harvest.tests.test_doc_basic_saved_fixture" file="pytest_harvest/tests/test_doc_basic_saved_fixture.py" line="17" name="test_foo[0]" time="0.0014765262603759766"><system-out>
   hello, world !
</system-out></testcase><testcase classname="pytest_harvest.tests.test_doc_basic_saved_fixture" file="pytest_harvest/tests/test_doc_basic_saved_fixture.py" line="17" name="test_foo[1]" time="0.0013976097106933594"><system-out>
   hello, self !
</system-out></testcase><testcase classname="pytest_harvest.tests.test_doc_basic_saved_fixture" file="pytest_harvest/tests/test_doc_basic_saved_fixture.py" line="24" name="test_synthesis" time="0.0008101463317871094"><system-out>
   Available `fixture_store` keys:
    - &apos;dummy&apos;
    - &apos;my_fix&apos;
    - &apos;my_fix2&apos;
    - &apos;person&apos;
    - &apos;results_bag&apos;

   Contents of `fixture_store[&apos;person&apos;]`:
    - &apos;pytest_harvest/tests/test_doc_basic_df_all.py::test_foo[0-False]&apos;: world
    - &apos;pytest_harvest/tests/test_doc_basic_df_all.py::test_foo[0-True]&apos;: world
    - &apos;pytest_harvest/tests/test_doc_basic_df_all.py::test_foo[1-False]&apos;: self
    - &apos;pytest_harvest/tests/test_doc_basic_df_all.py::test_foo[1-True]&apos;: self
    - &apos;pytest_harvest/tests/test_doc_basic_saved_fixture.py::test_foo[0]&apos;: world
    - &apos;pytest_harvest/tests/test_doc_basic_saved_fixture.py::test_foo[1]&apos;: self
</system-out></testcase><testcase classname="pytest_harvest.tests.test_doc_basic_saved_fixture_views" file="pytest_harvest/tests/test_doc_basic_saved_fixture_views.py" line="17" name="test_foo[0]" time="0.0015423297882080078"><system-out>
   hello, world !
</system-out></testcase><testcase classname="pytest_harvest.tests.test_doc_basic_saved_fixture_views" file="pytest_harvest/tests/test_doc_basic_saved_fixture_views.py" line="17" name="test_foo[1]" time="0.0017642974853515625"><system-out>
   hello, self !
</system-out></testcase><testcase classname="pytest_harvest.tests.test_doc_basic_saved_fixture_views" file="pytest_harvest/tests/test_doc_basic_saved_fixture_views.py" line="24" name="test_synthesis" time="0.0008444786071777344"><system-out>
   Available `fixture_store` keys:
    - &apos;dummy&apos;
    - &apos;my_fix&apos;
    - &apos;my_fix2&apos;
    - &apos;person&apos;
    - &apos;results_bag&apos;
    - &apos;other_person_last&apos;
    - &apos;other_person_initial&apos;
</system-out></testcase><testcase classname="pytest_harvest.tests.test_doc_example" file="pytest_harvest/tests/test_doc_example.py" line="22" name="test_my_app_bench[A-1]" time="0.002694368362426758"></testcase><testcase classname="pytest_harvest.tests.test_doc_example" file="pytest_harvest/tests/test_doc_example.py" line="22" name="test_my_app_bench[A-2]" time="0.0026602745056152344"></testcase><testcase classname="pytest_harvest.tests.test_doc_example" file="pytest_harvest/tests/test_doc_example.py" line="22" name="test_my_app_bench[B-1]" time="0.002900838851928711"></testcase><testcase classname="pytest_harvest.tests.test_doc_example" file="pytest_harvest/tests/test_doc_example.py" line="22" name="test_my_app_bench[B-2]" time="0.002597332000732422"></testcase><testcase classname="pytest_harvest.tests.test_doc_example" file="pytest_harvest/tests/test_doc_example.py" line="22" name="test_my_app_bench[C-1]" time="0.002596616744995117"></testcase><testcase classname="pytest_harvest.tests.test_doc_example" file="pytest_harvest/tests/test_doc_example.py" line="22" name="test_my_app_bench[C-2]" time="0.0026655197143554688"></testcase><testcase classname="pytest_harvest.tests.test_doc_example" file="pytest_harvest/tests/test_doc_example.py" line="36" name="test_basic" time="0.0006039142608642578"></testcase><testcase classname="pytest_harvest.tests.test_doc_example" file="pytest_harvest/tests/test_doc_example.py" line="42" name="test_synthesis" time="0.0072939395904541016"><system-out>test_id                 pytest_obj                                      status      duration_ms    algo_param  dataset_param       accuracy  dataset
----------------------  ----------------------------------------------  --------  -------------  ------------  ---------------  -----------  -------------
test_my_app_bench[A-1]  &lt;function test_my_app_bench at 0x7fef3ea020d0&gt;  passed         0.155687             1  A                  0.360488   my dataset #A
test_my_app_bench[A-2]  &lt;function test_my_app_bench at 0x7fef3ea020d0&gt;  passed         0.142097             2  A                  0.0791246  my dataset #A
test_my_app_bench[B-1]  &lt;function test_my_app_bench at 0x7fef3ea020d0&gt;  passed         0.14329              1  B                  0.28965    my dataset #B
test_my_app_bench[B-2]  &lt;function test_my_app_bench at 0x7fef3ea020d0&gt;  passed         0.143528             2  B                  0.669356   my dataset #B
test_my_app_bench[C-1]  &lt;function test_my_app_bench at 0x7fef3ea020d0&gt;  passed         0.144482             1  C                  0.716994   my dataset #C
test_my_app_bench[C-2]  &lt;function test_my_app_bench at 0x7fef3ea020d0&gt;  passed         0.143766             2  C                  0.985412   my dataset #C
test_basic              &lt;function test_basic at 0x7fef3ea021e0&gt;         passed         0.146151           nan  nan              nan          nan
</system-out></testcase><testcase classname="pytest_harvest.tests.test_doc_example_custom" file="pytest_harvest/tests/test_doc_example_custom.py" line="34" name="test_my_app_bench[A-1]" time="0.002638578414916992"></testcase><testcase classname="pytest_harvest.tests.test_doc_example_custom" file="pytest_harvest/tests/test_doc_example_custom.py" line="34" name="test_my_app_bench[A-2]" time="0.002589702606201172"></testcase><testcase classname="pytest_harvest.tests.test_doc_example_custom" file="pytest_harvest/tests/test_doc_example_custom.py" line="34" name="test_my_app_bench[B-1]" time="0.0026438236236572266"></testcase><testcase classname="pytest_harvest.tests.test_doc_example_custom" file="pytest_harvest/tests/test_doc_example_custom.py" line="34" name="test_my_app_bench[B-2]" time="0.003389596939086914"></testcase><testcase classname="pytest_harvest.tests.test_doc_example_custom" file="pytest_harvest/tests/test_doc_example_custom.py" line="34" name="test_my_app_bench[C-1]" time="0.002567768096923828"></testcase><testcase classname="pytest_harvest.tests.test_doc_example_custom" file="pytest_harvest/tests/test_doc_example_custom.py" line="34" name="test_my_app_bench[C-2]" time="0.002610921859741211"></testcase><testcase classname="pytest_harvest.tests.test_doc_example_custom" file="pytest_harvest/tests/test_doc_example_custom.py" line="48" name="test_basic" time="0.0005774497985839844"></testcase><testcase classname="pytest_harvest.tests.test_doc_example_custom" file="pytest_harvest/tests/test_doc_example_custom.py" line="54" name="test_synthesis" time="0.008116006851196289"><system-out>
Keys:
test_my_app_bench[A-1]
test_my_app_bench[A-2]
test_my_app_bench[B-1]
test_my_app_bench[B-2]
test_my_app_bench[C-1]
test_my_app_bench[C-2]
test_basic

First node:
&apos;pytest_obj&apos;: &lt;function test_my_app_bench at 0x7fef3ea73d90&gt;
&apos;status&apos;: &apos;passed&apos;
&apos;duration_ms&apos;: 0.14591217041015625
&apos;algo_param&apos;: 1
&apos;dataset_param&apos;: &apos;A&apos;
&apos;dataset&apos;: &apos;my dataset #A&apos;
&apos;accuracy&apos;: 0.2837238527089705
test_id                 status      duration_ms    algo_param  dataset_param    dataset          accuracy
----------------------  --------  -------------  ------------  ---------------  -------------  ----------
test_my_app_bench[A-1]  passed         0.145912             1  A                my dataset #A    0.283724
test_my_app_bench[A-2]  passed         0.143528             2  A                my dataset #A    0.404722
test_my_app_bench[B-1]  passed         0.141382             1  B                my dataset #B    0.472324
test_my_app_bench[B-2]  passed         0.157833             2  B                my dataset #B    0.594249
test_my_app_bench[C-1]  passed         0.142336             1  C                my dataset #C    0.760847
test_my_app_bench[C-2]  passed         0.144005             2  C                my dataset #C    0.395183
test_basic              passed         0.135899           nan  nan              nan            nan
</system-out></testcase><testcase classname="pytest_harvest.tests.test_issue_45" file="pytest_harvest/tests/test_issue_45.py" line="3" name="test_a[a::0]" time="0.0006711483001708984"></testcase><testcase classname="pytest_harvest.tests.test_issue_45" file="pytest_harvest/tests/test_issue_45.py" line="8" name="test_b" time="0.0005545616149902344"></testcase><testcase classname="pytest_harvest.tests.test_issue_45.TestC" file="pytest_harvest/tests/test_issue_45.py" line="13" name="test_c" time="0.0005903244018554688"></testcase><testcase classname="pytest_harvest.tests.test_issue_45.TestC" file="pytest_harvest/tests/test_issue_45.py" line="16" name="test_d[a::0]" time="0.0006978511810302734"></testcase><testcase classname="pytest_harvest.tests.test_issue_45" file="pytest_harvest/tests/test_issue_45.py" line="21" name="test_synthesis" time="0.0015456676483154297"></testcase><testcase classname="pytest_harvest.tests.test_lazy_and_harvest" file="pytest_harvest/tests/test_lazy_and_harvest.py" line="20" name="test_foo[foo]" time="0.0007166862487792969"></testcase><testcase classname="pytest_harvest.tests.test_lazy_and_harvest" file="pytest_harvest/tests/test_lazy_and_harvest.py" line="28" name="test_foo2[foo[0]-foo[1]]" time="0.0007421970367431641"></testcase><testcase classname="pytest_harvest.tests.test_lazy_and_harvest" file="pytest_harvest/tests/test_lazy_and_harvest.py" line="36" name="test_foo3[a_is_foo]" time="0.0019631385803222656"></testcase><testcase classname="pytest_harvest.tests.test_lazy_and_harvest" file="pytest_harvest/tests/test_lazy_and_harvest.py" line="36" name="test_foo3[a_is_b]" time="0.0019450187683105469"></testcase><testcase classname="pytest_harvest.tests.test_lazy_and_harvest" file="pytest_harvest/tests/test_lazy_and_harvest.py" line="48" name="test_synthesis" time="0.008664369583129883"></testcase><testcase classname="pytest_harvest.tests.test_results_bag_basic" file="pytest_harvest/tests/test_results_bag_basic.py" line="3" name="test_results_bag_basic" time="0.0006470680236816406"></testcase><testcase classname="pytest_harvest.tests.test_unicode_literals" file="pytest_harvest/tests/test_unicode_literals.py" line="4" name="test_filterset" time="0.0008141994476318359"></testcase></testsuite>