<?xml version="1.0" encoding="utf-8"?><testsuite errors="0" failures="0" name="pytest" skips="0" tests="48" time="6.010"><testcase classname="pytest_harvest.tests.test_all_raw_with_meta_check" file="pytest_harvest/tests/test_all_raw_with_meta_check.py" line="21" name="test_run_all_tests[test_results_bags.py]" time="0.06728768348693848"><system-out>
Testing that running pytest on file test_results_bags.py results in {&apos;passed&apos;: 6, &apos;failed&apos;: 0, &apos;skipped&apos;: 0}
============================= test session starts ==============================
platform linux -- Python 3.5.6, pytest-2.9.2, py-1.8.0, pluggy-0.3.1
rootdir: /tmp/pytest-of-travis/pytest-0/testdir/test_run_all_tests0, inifile: 
plugins: logging-2015.11.4, html-1.9.0, harvest-1.7.1.dev3+g044d6a2, cov-2.6.0
collected 6 items

test_run_all_tests.py ......

=========================== 6 passed in 0.03 seconds ===========================
</system-out></testcase><testcase classname="pytest_harvest.tests.test_all_raw_with_meta_check" file="pytest_harvest/tests/test_all_raw_with_meta_check.py" line="21" name="test_run_all_tests[test_saved_fixture_in_global_var.py]" time="0.046510934829711914"><system-out>
Testing that running pytest on file test_saved_fixture_in_global_var.py results in {&apos;passed&apos;: 2, &apos;failed&apos;: 0}
============================= test session starts ==============================
platform linux -- Python 3.5.6, pytest-2.9.2, py-1.8.0, pluggy-0.3.1
rootdir: /tmp/pytest-of-travis/pytest-0/testdir/test_run_all_tests1, inifile: 
plugins: logging-2015.11.4, html-1.9.0, harvest-1.7.1.dev3+g044d6a2, cov-2.6.0
collected 2 items

test_run_all_tests.py ..

=========================== 2 passed in 0.02 seconds ===========================
</system-out></testcase><testcase classname="pytest_harvest.tests.test_all_raw_with_meta_check" file="pytest_harvest/tests/test_all_raw_with_meta_check.py" line="21" name="test_run_all_tests[test_all_together.py]" time="0.07071971893310547"><system-out>
Testing that running pytest on file test_all_together.py results in {&apos;passed&apos;: 9, &apos;failed&apos;: 0, &apos;skipped&apos;: 0}
============================= test session starts ==============================
platform linux -- Python 3.5.6, pytest-2.9.2, py-1.8.0, pluggy-0.3.1
rootdir: /tmp/pytest-of-travis/pytest-0/testdir/test_run_all_tests2, inifile: 
plugins: logging-2015.11.4, html-1.9.0, harvest-1.7.1.dev3+g044d6a2, cov-2.6.0
collected 9 items

test_run_all_tests.py .........

=========================== 9 passed in 0.04 seconds ===========================
</system-out></testcase><testcase classname="pytest_harvest.tests.test_all_raw_with_meta_check" file="pytest_harvest/tests/test_all_raw_with_meta_check.py" line="21" name="test_run_all_tests[test_saved_fixture_session.py]" time="0.04691004753112793"><system-out>
Testing that running pytest on file test_saved_fixture_session.py results in {&apos;passed&apos;: 2, &apos;failed&apos;: 0}
============================= test session starts ==============================
platform linux -- Python 3.5.6, pytest-2.9.2, py-1.8.0, pluggy-0.3.1
rootdir: /tmp/pytest-of-travis/pytest-0/testdir/test_run_all_tests3, inifile: 
plugins: logging-2015.11.4, html-1.9.0, harvest-1.7.1.dev3+g044d6a2, cov-2.6.0
collected 2 items

test_run_all_tests.py ..

=========================== 2 passed in 0.02 seconds ===========================
</system-out></testcase><testcase classname="pytest_harvest.tests.test_all_raw_with_meta_check" file="pytest_harvest/tests/test_all_raw_with_meta_check.py" line="21" name="test_run_all_tests[test_saved_fixture_in_fixture.py]" time="0.04607582092285156"><system-out>
Testing that running pytest on file test_saved_fixture_in_fixture.py results in {&apos;passed&apos;: 2, &apos;failed&apos;: 0}
============================= test session starts ==============================
platform linux -- Python 3.5.6, pytest-2.9.2, py-1.8.0, pluggy-0.3.1
rootdir: /tmp/pytest-of-travis/pytest-0/testdir/test_run_all_tests4, inifile: 
plugins: logging-2015.11.4, html-1.9.0, harvest-1.7.1.dev3+g044d6a2, cov-2.6.0
collected 2 items

test_run_all_tests.py ..

=========================== 2 passed in 0.02 seconds ===========================
</system-out></testcase><testcase classname="pytest_harvest.tests.test_all_raw_with_meta_check" file="pytest_harvest/tests/test_all_raw_with_meta_check.py" line="21" name="test_run_all_tests[test_default_fixtures.py]" time="0.06367802619934082"><system-out>
Testing that running pytest on file test_default_fixtures.py results in {&apos;passed&apos;: 8, &apos;failed&apos;: 0, &apos;skipped&apos;: 0}
============================= test session starts ==============================
platform linux -- Python 3.5.6, pytest-2.9.2, py-1.8.0, pluggy-0.3.1
rootdir: /tmp/pytest-of-travis/pytest-0/testdir/test_run_all_tests5, inifile: 
plugins: logging-2015.11.4, html-1.9.0, harvest-1.7.1.dev3+g044d6a2, cov-2.6.0
collected 8 items

test_run_all_tests.py ........

=========================== 8 passed in 0.03 seconds ===========================
</system-out></testcase><testcase classname="pytest_harvest.tests.test_all_raw_with_meta_check" file="pytest_harvest/tests/test_all_raw_with_meta_check.py" line="21" name="test_run_all_tests[test_saved_fixture_basic.py]" time="0.04323172569274902"><system-out>
Testing that running pytest on file test_saved_fixture_basic.py results in {&apos;passed&apos;: 2, &apos;failed&apos;: 0, &apos;skipped&apos;: 0}
============================= test session starts ==============================
platform linux -- Python 3.5.6, pytest-2.9.2, py-1.8.0, pluggy-0.3.1
rootdir: /tmp/pytest-of-travis/pytest-0/testdir/test_run_all_tests6, inifile: 
plugins: logging-2015.11.4, html-1.9.0, harvest-1.7.1.dev3+g044d6a2, cov-2.6.0
collected 2 items

test_run_all_tests.py ..

=========================== 2 passed in 0.01 seconds ===========================
</system-out></testcase><testcase classname="pytest_harvest.tests.test_all_raw_with_meta_check" file="pytest_harvest/tests/test_all_raw_with_meta_check.py" line="21" name="test_run_all_tests[test_saved_fixture_session_module.py]" time="0.09572267532348633"><system-out>
Testing that running pytest on file test_saved_fixture_session_module.py results in {&apos;passed&apos;: 3, &apos;failed&apos;: 0}
============================= test session starts ==============================
platform linux -- Python 3.5.6, pytest-2.9.2, py-1.8.0, pluggy-0.3.1
rootdir: /tmp/pytest-of-travis/pytest-0/testdir/test_run_all_tests7, inifile: 
plugins: logging-2015.11.4, html-1.9.0, harvest-1.7.1.dev3+g044d6a2, cov-2.6.0
collected 3 items

test_run_all_tests.py ...

=========================== 3 passed in 0.07 seconds ===========================
</system-out></testcase><testcase classname="pytest_harvest.tests.test_all_raw_with_meta_check" file="pytest_harvest/tests/test_all_raw_with_meta_check.py" line="21" name="test_run_all_tests[test_get_session_results_indirect_and_noparam.py]" time="0.04337430000305176"><system-out>
Testing that running pytest on file test_get_session_results_indirect_and_noparam.py results in {&apos;passed&apos;: 5, &apos;failed&apos;: 0, &apos;skipped&apos;: 0}
============================= test session starts ==============================
platform linux -- Python 3.5.6, pytest-2.9.2, py-1.8.0, pluggy-0.3.1
rootdir: /tmp/pytest-of-travis/pytest-0/testdir/test_run_all_tests8, inifile: 
plugins: logging-2015.11.4, html-1.9.0, harvest-1.7.1.dev3+g044d6a2, cov-2.6.0
collected 5 items

test_run_all_tests.py .....

=========================== 5 passed in 0.01 seconds ===========================
</system-out></testcase><testcase classname="pytest_harvest.tests.test_all_raw_with_meta_check" file="pytest_harvest/tests/test_all_raw_with_meta_check.py" line="21" name="test_run_all_tests[test_get_session_results.py]" time="0.12651300430297852"><system-out>
Testing that running pytest on file test_get_session_results.py results in {&apos;passed&apos;: 16, &apos;failed&apos;: 1, &apos;skipped&apos;: 1}
============================= test session starts ==============================
platform linux -- Python 3.5.6, pytest-2.9.2, py-1.8.0, pluggy-0.3.1
rootdir: /tmp/pytest-of-travis/pytest-0/testdir/test_run_all_tests9, inifile: 
plugins: logging-2015.11.4, html-1.9.0, harvest-1.7.1.dev3+g044d6a2, cov-2.6.0
collected 18 items

test_run_all_tests.py ........sF........

=================================== FAILURES ===================================
_________________________________ test_failing _________________________________

    def test_failing():
&gt;       pytest.fail(&quot;normal, intended failure here&quot;)
E       Failed: normal, intended failure here

test_run_all_tests.py:116: Failed
================ 1 failed, 16 passed, 1 skipped in 0.10 seconds ================
</system-out></testcase><testcase classname="pytest_harvest.tests.test_all_raw_with_meta_check" file="pytest_harvest/tests/test_all_raw_with_meta_check.py" line="21" name="test_run_all_tests[test_saved_fixture_module_params.py]" time="0.05550432205200195"><system-out>
Testing that running pytest on file test_saved_fixture_module_params.py results in {&apos;passed&apos;: 7, &apos;failed&apos;: 0}
============================= test session starts ==============================
platform linux -- Python 3.5.6, pytest-2.9.2, py-1.8.0, pluggy-0.3.1
rootdir: /tmp/pytest-of-travis/pytest-0/testdir/test_run_all_tests10, inifile: 
plugins: logging-2015.11.4, html-1.9.0, harvest-1.7.1.dev3+g044d6a2, cov-2.6.0
collected 7 items

test_run_all_tests.py .......

=========================== 7 passed in 0.03 seconds ===========================
</system-out></testcase><testcase classname="pytest_harvest.tests.test_doc_basic_dct" file="pytest_harvest/tests/test_doc_basic_dct.py" line="5" name="test_foo[world]" time="0.5019421577453613"><system-out>
   hello, world !
</system-out></testcase><testcase classname="pytest_harvest.tests.test_doc_basic_dct" file="pytest_harvest/tests/test_doc_basic_dct.py" line="5" name="test_foo[self]" time="0.402019739151001"><system-out>
   hello, self !
</system-out></testcase><testcase classname="pytest_harvest.tests.test_doc_basic_dct" file="pytest_harvest/tests/test_doc_basic_dct.py" line="14" name="test_synthesis" time="0.001687765121459961"><system-out>
   Available `module_results_dct` keys:
    - test_foo[world]
    - test_foo[self]

   Contents of &apos;test_foo[world]&apos;:
    - &apos;pytest_obj&apos;: &lt;function test_foo at 0x7f2527e3a598&gt;
    - &apos;status&apos;: passed
    - &apos;duration_ms&apos;: 501.13773345947266
    - &apos;status_details&apos;:
      - &apos;teardown&apos;: (&apos;passed&apos;, 0.23174285888671875)
      - &apos;call&apos;: (&apos;passed&apos;, 501.13773345947266)
      - &apos;setup&apos;: (&apos;passed&apos;, 0.5726814270019531)
    - &apos;params&apos;: OrderedDict([(&apos;p&apos;, &apos;world&apos;)])
    - &apos;fixtures&apos;: OrderedDict()
</system-out></testcase><testcase classname="pytest_harvest.tests.test_doc_basic_df" file="pytest_harvest/tests/test_doc_basic_df.py" line="5" name="test_foo[world]" time="0.5018362998962402"><system-out>
   hello, world !
</system-out></testcase><testcase classname="pytest_harvest.tests.test_doc_basic_df" file="pytest_harvest/tests/test_doc_basic_df.py" line="5" name="test_foo[self]" time="0.40195250511169434"><system-out>
   hello, self !
</system-out></testcase><testcase classname="pytest_harvest.tests.test_doc_basic_df" file="pytest_harvest/tests/test_doc_basic_df.py" line="14" name="test_synthesis" time="0.018122196197509766"><system-out>
   `module_results_df` dataframe:

                                            pytest_obj  ...        p
test_id                                                 ...         
test_foo[world]  &lt;function test_foo at 0x7f2527e5c8c8&gt;  ...    world
test_foo[self]   &lt;function test_foo at 0x7f2527e5c8c8&gt;  ...     self

[2 rows x 4 columns]
</system-out></testcase><testcase classname="pytest_harvest.tests.test_doc_basic_df_all" file="pytest_harvest/tests/test_doc_basic_df_all.py" line="21" name="test_foo[0-False]" time="0.5042448043823242"><system-out>
   hello, world !
</system-out></testcase><testcase classname="pytest_harvest.tests.test_doc_basic_df_all" file="pytest_harvest/tests/test_doc_basic_df_all.py" line="21" name="test_foo[0-True]" time="1.004502534866333"><system-out>
   hello, world !
</system-out></testcase><testcase classname="pytest_harvest.tests.test_doc_basic_df_all" file="pytest_harvest/tests/test_doc_basic_df_all.py" line="21" name="test_foo[1-False]" time="0.40396952629089355"><system-out>
   hello, self !
</system-out></testcase><testcase classname="pytest_harvest.tests.test_doc_basic_df_all" file="pytest_harvest/tests/test_doc_basic_df_all.py" line="21" name="test_foo[1-True]" time="0.804363489151001"><system-out>
   hello, self !
</system-out></testcase><testcase classname="pytest_harvest.tests.test_doc_basic_df_all" file="pytest_harvest/tests/test_doc_basic_df_all.py" line="34" name="test_synthesis" time="0.008019685745239258"><system-out>
   `module_results_df` dataframe:

| test_id           | pytest_obj                            | status   |   duration_ms | double_sleep_time   |   person_param | person   | current_time               |   nb_letters |
|:------------------|:--------------------------------------|:---------|--------------:|:--------------------|---------------:|:---------|:---------------------------|-------------:|
| test_foo[0-False] | &lt;function test_foo at 0x7f2527e20ae8&gt; | passed   |       501.243 | False               |              0 | world    | 2019-08-02T11:43:30.549624 |            5 |
| test_foo[0-True]  | &lt;function test_foo at 0x7f2527e20ae8&gt; | passed   |      1001.66  | True                |              0 | world    | 2019-08-02T11:43:31.556674 |            5 |
| test_foo[1-False] | &lt;function test_foo at 0x7f2527e20ae8&gt; | passed   |       401.047 | False               |              1 | self     | 2019-08-02T11:43:31.962561 |            4 |
| test_foo[1-True]  | &lt;function test_foo at 0x7f2527e20ae8&gt; | passed   |       801.558 | True                |              1 | self     | 2019-08-02T11:43:32.768729 |            4 |
</system-out></testcase><testcase classname="pytest_harvest.tests.test_doc_basic_results_bag" file="pytest_harvest/tests/test_doc_basic_results_bag.py" line="5" name="test_foo[world]" time="0.002337217330932617"><system-out>
   hello, world !
</system-out></testcase><testcase classname="pytest_harvest.tests.test_doc_basic_results_bag" file="pytest_harvest/tests/test_doc_basic_results_bag.py" line="5" name="test_foo[self]" time="0.0020513534545898438"><system-out>
   hello, self !
</system-out></testcase><testcase classname="pytest_harvest.tests.test_doc_basic_results_bag" file="pytest_harvest/tests/test_doc_basic_results_bag.py" line="17" name="test_synthesis" time="0.0012428760528564453"><system-out>
   Available `fixture_store` keys:
    - &apos;person&apos;
    - &apos;results_bag&apos;

   Contents of `fixture_store[&apos;results_bag&apos;]`:
    - &apos;pytest_harvest/tests/test_doc_basic_df_all.py::test_foo[0-False]&apos;:
      - &apos;current_time&apos;: 2019-08-02T11:43:30.549624
      - &apos;nb_letters&apos;: 5
    - &apos;pytest_harvest/tests/test_doc_basic_df_all.py::test_foo[0-True]&apos;:
      - &apos;current_time&apos;: 2019-08-02T11:43:31.556674
      - &apos;nb_letters&apos;: 5
    - &apos;pytest_harvest/tests/test_doc_basic_df_all.py::test_foo[1-False]&apos;:
      - &apos;current_time&apos;: 2019-08-02T11:43:31.962561
      - &apos;nb_letters&apos;: 4
    - &apos;pytest_harvest/tests/test_doc_basic_df_all.py::test_foo[1-True]&apos;:
      - &apos;current_time&apos;: 2019-08-02T11:43:32.768729
      - &apos;nb_letters&apos;: 4
    - &apos;pytest_harvest/tests/test_doc_basic_results_bag.py::test_foo[world]&apos;:
      - &apos;current_time&apos;: 2019-08-02T11:43:32.783761
      - &apos;nb_letters&apos;: 5
    - &apos;pytest_harvest/tests/test_doc_basic_results_bag.py::test_foo[self]&apos;:
      - &apos;current_time&apos;: 2019-08-02T11:43:32.787354
      - &apos;nb_letters&apos;: 4
</system-out></testcase><testcase classname="pytest_harvest.tests.test_doc_basic_saved_fixture" file="pytest_harvest/tests/test_doc_basic_saved_fixture.py" line="17" name="test_foo[0]" time="0.0026535987854003906"><system-out>
   hello, world !
</system-out></testcase><testcase classname="pytest_harvest.tests.test_doc_basic_saved_fixture" file="pytest_harvest/tests/test_doc_basic_saved_fixture.py" line="17" name="test_foo[1]" time="0.002160310745239258"><system-out>
   hello, self !
</system-out></testcase><testcase classname="pytest_harvest.tests.test_doc_basic_saved_fixture" file="pytest_harvest/tests/test_doc_basic_saved_fixture.py" line="24" name="test_synthesis" time="0.0010051727294921875"><system-out>
   Available `fixture_store` keys:
    - &apos;person&apos;
    - &apos;results_bag&apos;

   Contents of `fixture_store[&apos;person&apos;]`:
    - &apos;pytest_harvest/tests/test_doc_basic_df_all.py::test_foo[0-False]&apos;: world
    - &apos;pytest_harvest/tests/test_doc_basic_df_all.py::test_foo[0-True]&apos;: world
    - &apos;pytest_harvest/tests/test_doc_basic_df_all.py::test_foo[1-False]&apos;: self
    - &apos;pytest_harvest/tests/test_doc_basic_df_all.py::test_foo[1-True]&apos;: self
    - &apos;pytest_harvest/tests/test_doc_basic_saved_fixture.py::test_foo[0]&apos;: world
    - &apos;pytest_harvest/tests/test_doc_basic_saved_fixture.py::test_foo[1]&apos;: self
</system-out></testcase><testcase classname="pytest_harvest.tests.test_doc_basic_saved_fixture_views" file="pytest_harvest/tests/test_doc_basic_saved_fixture_views.py" line="17" name="test_foo[0]" time="0.0026226043701171875"><system-out>
   hello, world !
</system-out></testcase><testcase classname="pytest_harvest.tests.test_doc_basic_saved_fixture_views" file="pytest_harvest/tests/test_doc_basic_saved_fixture_views.py" line="17" name="test_foo[1]" time="0.0024003982543945312"><system-out>
   hello, self !
</system-out></testcase><testcase classname="pytest_harvest.tests.test_doc_basic_saved_fixture_views" file="pytest_harvest/tests/test_doc_basic_saved_fixture_views.py" line="24" name="test_synthesis" time="0.0015392303466796875"><system-out>
   Available `fixture_store` keys:
    - &apos;person&apos;
    - &apos;results_bag&apos;
    - &apos;other_person_last&apos;
    - &apos;other_person_initial&apos;
</system-out></testcase><testcase classname="pytest_harvest.tests.test_doc_example" file="pytest_harvest/tests/test_doc_example.py" line="22" name="test_my_app_bench[A-1]" time="0.003900289535522461"></testcase><testcase classname="pytest_harvest.tests.test_doc_example" file="pytest_harvest/tests/test_doc_example.py" line="22" name="test_my_app_bench[A-2]" time="0.003644704818725586"></testcase><testcase classname="pytest_harvest.tests.test_doc_example" file="pytest_harvest/tests/test_doc_example.py" line="22" name="test_my_app_bench[B-1]" time="0.003674030303955078"></testcase><testcase classname="pytest_harvest.tests.test_doc_example" file="pytest_harvest/tests/test_doc_example.py" line="22" name="test_my_app_bench[B-2]" time="0.0037000179290771484"></testcase><testcase classname="pytest_harvest.tests.test_doc_example" file="pytest_harvest/tests/test_doc_example.py" line="22" name="test_my_app_bench[C-1]" time="0.0040721893310546875"></testcase><testcase classname="pytest_harvest.tests.test_doc_example" file="pytest_harvest/tests/test_doc_example.py" line="22" name="test_my_app_bench[C-2]" time="0.0036525726318359375"></testcase><testcase classname="pytest_harvest.tests.test_doc_example" file="pytest_harvest/tests/test_doc_example.py" line="36" name="test_basic" time="0.0007953643798828125"></testcase><testcase classname="pytest_harvest.tests.test_doc_example" file="pytest_harvest/tests/test_doc_example.py" line="42" name="test_synthesis" time="0.011169672012329102"><system-out>test_id                 pytest_obj                                      status      duration_ms    algo_param  dataset_param      accuracy  dataset
----------------------  ----------------------------------------------  --------  -------------  ------------  ---------------  ----------  -------------
test_my_app_bench[A-1]  &lt;function test_my_app_bench at 0x7f2527e198c8&gt;  passed         0.26083              1  A                  0.270112  my dataset #A
test_my_app_bench[A-2]  &lt;function test_my_app_bench at 0x7f2527e198c8&gt;  passed         0.240326             2  A                  0.46618   my dataset #A
test_my_app_bench[B-1]  &lt;function test_my_app_bench at 0x7f2527e198c8&gt;  passed         0.277519             1  B                  0.326691  my dataset #B
test_my_app_bench[B-2]  &lt;function test_my_app_bench at 0x7f2527e198c8&gt;  passed         0.244379             2  B                  0.796402  my dataset #B
test_my_app_bench[C-1]  &lt;function test_my_app_bench at 0x7f2527e198c8&gt;  passed         0.252485             1  C                  0.713943  my dataset #C
test_my_app_bench[C-2]  &lt;function test_my_app_bench at 0x7f2527e198c8&gt;  passed         0.266552             2  C                  0.363659  my dataset #C
test_basic              &lt;function test_basic at 0x7f2527e19a60&gt;         passed         0.215054           nan  nan              nan         nan
</system-out></testcase><testcase classname="pytest_harvest.tests.test_doc_example_custom" file="pytest_harvest/tests/test_doc_example_custom.py" line="34" name="test_my_app_bench[A-1]" time="0.0031363964080810547"></testcase><testcase classname="pytest_harvest.tests.test_doc_example_custom" file="pytest_harvest/tests/test_doc_example_custom.py" line="34" name="test_my_app_bench[A-2]" time="0.002762317657470703"></testcase><testcase classname="pytest_harvest.tests.test_doc_example_custom" file="pytest_harvest/tests/test_doc_example_custom.py" line="34" name="test_my_app_bench[B-1]" time="0.0038225650787353516"></testcase><testcase classname="pytest_harvest.tests.test_doc_example_custom" file="pytest_harvest/tests/test_doc_example_custom.py" line="34" name="test_my_app_bench[B-2]" time="0.0037984848022460938"></testcase><testcase classname="pytest_harvest.tests.test_doc_example_custom" file="pytest_harvest/tests/test_doc_example_custom.py" line="34" name="test_my_app_bench[C-1]" time="0.003757953643798828"></testcase><testcase classname="pytest_harvest.tests.test_doc_example_custom" file="pytest_harvest/tests/test_doc_example_custom.py" line="34" name="test_my_app_bench[C-2]" time="0.003632783889770508"></testcase><testcase classname="pytest_harvest.tests.test_doc_example_custom" file="pytest_harvest/tests/test_doc_example_custom.py" line="48" name="test_basic" time="0.0008683204650878906"></testcase><testcase classname="pytest_harvest.tests.test_doc_example_custom" file="pytest_harvest/tests/test_doc_example_custom.py" line="54" name="test_synthesis" time="0.008486270904541016"><system-out>
Keys:
test_my_app_bench[A-1]
test_my_app_bench[A-2]
test_my_app_bench[B-1]
test_my_app_bench[B-2]
test_my_app_bench[C-1]
test_my_app_bench[C-2]
test_basic

First node:
&apos;pytest_obj&apos;: &lt;function test_my_app_bench at 0x7f251f4ea598&gt;
&apos;status&apos;: &apos;passed&apos;
&apos;duration_ms&apos;: 0.1430511474609375
&apos;algo_param&apos;: 1
&apos;dataset_param&apos;: &apos;A&apos;
&apos;dataset&apos;: &apos;my dataset #A&apos;
&apos;accuracy&apos;: 0.6906899851475536
test_id                 status      duration_ms    algo_param  dataset_param    dataset          accuracy
----------------------  --------  -------------  ------------  ---------------  -------------  ----------
test_my_app_bench[A-1]  passed         0.143051             1  A                my dataset #A    0.69069
test_my_app_bench[A-2]  passed         0.136852             2  A                my dataset #A    0.144494
test_my_app_bench[B-1]  passed         0.253916             1  B                my dataset #B    0.654715
test_my_app_bench[B-2]  passed         0.278473             2  B                my dataset #B    0.769395
test_my_app_bench[C-1]  passed         0.277519             1  C                my dataset #C    0.851888
test_my_app_bench[C-2]  passed         0.287056             2  C                my dataset #C    0.97008
test_basic              passed         0.225782           nan  nan              nan            nan
</system-out></testcase><testcase classname="pytest_harvest.tests.test_results_bag_basic" file="pytest_harvest/tests/test_results_bag_basic.py" line="3" name="test_results_bag_basic" time="0.0013415813446044922"></testcase></testsuite>