<?xml version="1.0" encoding="utf-8"?><testsuite errors="0" failures="0" name="pytest" skips="0" tests="54" time="5.365"><testcase classname="pytest_harvest.tests.test_all_raw_with_meta_check" file="pytest_harvest/tests/test_all_raw_with_meta_check.py" line="21" name="test_run_all_tests[test_results_bags.py]" time="0.06264448165893555"><system-out>
Testing in tmp folder &apos;&lt;Testdir local(&apos;/tmp/pytest-of-travis/pytest-0/testdir/test_run_all_tests0&apos;)&gt;&apos; that running pytest on file &apos;test_results_bags.py&apos; results in {&apos;failed&apos;: 0, &apos;skipped&apos;: 0, &apos;passed&apos;: 6}
============================= test session starts ==============================
platform linux -- Python 3.5.6, pytest-2.9.2, py-1.9.0, pluggy-0.3.1 -- /home/travis/miniconda/envs/test-environment/bin/python
cachedir: .cache
rootdir: /tmp/pytest-of-travis/pytest-0/testdir/test_run_all_tests0, inifile: pytest.ini
plugins: logging-2015.11.4, html-1.9.0, harvest-1.10.0, cases-2.3.0
collecting ... collected 6 items

test_run_all_tests.py::test_my_app_bench[A-1] PASSED
test_run_all_tests.py::test_my_app_bench[A-2] PASSED
test_run_all_tests.py::test_my_app_bench[B-1] PASSED
test_run_all_tests.py::test_my_app_bench[B-2] PASSED
test_run_all_tests.py::test_my_app_bench[C-1] PASSED
test_run_all_tests.py::test_my_app_bench[C-2] PASSED

=========================== 6 passed in 0.03 seconds ===========================
</system-out></testcase><testcase classname="pytest_harvest.tests.test_all_raw_with_meta_check" file="pytest_harvest/tests/test_all_raw_with_meta_check.py" line="21" name="test_run_all_tests[test_saved_fixture_in_global_var.py]" time="0.04100370407104492"><system-out>
Testing in tmp folder &apos;&lt;Testdir local(&apos;/tmp/pytest-of-travis/pytest-0/testdir/test_run_all_tests1&apos;)&gt;&apos; that running pytest on file &apos;test_saved_fixture_in_global_var.py&apos; results in {&apos;failed&apos;: 0, &apos;passed&apos;: 2}
============================= test session starts ==============================
platform linux -- Python 3.5.6, pytest-2.9.2, py-1.9.0, pluggy-0.3.1 -- /home/travis/miniconda/envs/test-environment/bin/python
cachedir: .cache
rootdir: /tmp/pytest-of-travis/pytest-0/testdir/test_run_all_tests1, inifile: pytest.ini
plugins: logging-2015.11.4, html-1.9.0, harvest-1.10.0, cases-2.3.0
collecting ... collected 2 items

test_run_all_tests.py::test_foo[0.43432468054982143] PASSED
test_run_all_tests.py::test_foo[0.809879987603352] PASSED

=========================== 2 passed in 0.02 seconds ===========================
</system-out></testcase><testcase classname="pytest_harvest.tests.test_all_raw_with_meta_check" file="pytest_harvest/tests/test_all_raw_with_meta_check.py" line="21" name="test_run_all_tests[test_all_together.py]" time="0.06068992614746094"><system-out>
Testing in tmp folder &apos;&lt;Testdir local(&apos;/tmp/pytest-of-travis/pytest-0/testdir/test_run_all_tests2&apos;)&gt;&apos; that running pytest on file &apos;test_all_together.py&apos; results in {&apos;failed&apos;: 0, &apos;skipped&apos;: 0, &apos;passed&apos;: 9}
============================= test session starts ==============================
platform linux -- Python 3.5.6, pytest-2.9.2, py-1.9.0, pluggy-0.3.1 -- /home/travis/miniconda/envs/test-environment/bin/python
cachedir: .cache
rootdir: /tmp/pytest-of-travis/pytest-0/testdir/test_run_all_tests2, inifile: pytest.ini
plugins: logging-2015.11.4, html-1.9.0, harvest-1.10.0, cases-2.3.0
collecting ... collected 9 items

test_run_all_tests.py::test_complete[A-p=10] PASSED
test_run_all_tests.py::test_complete[A-p=20] PASSED
test_run_all_tests.py::test_complete[B-p=10] PASSED
test_run_all_tests.py::test_complete[B-p=20] PASSED
test_run_all_tests.py::test_complete[C-p=10] PASSED
test_run_all_tests.py::test_complete[C-p=20] PASSED
test_run_all_tests.py::test_synthesis[False-None] PASSED
test_run_all_tests.py::test_synthesis[True-None] PASSED
test_run_all_tests.py::test_synthesis[True-my_results] PASSED

=========================== 9 passed in 0.04 seconds ===========================
</system-out></testcase><testcase classname="pytest_harvest.tests.test_all_raw_with_meta_check" file="pytest_harvest/tests/test_all_raw_with_meta_check.py" line="21" name="test_run_all_tests[test_saved_fixture_session.py]" time="0.03894329071044922"><system-out>
Testing in tmp folder &apos;&lt;Testdir local(&apos;/tmp/pytest-of-travis/pytest-0/testdir/test_run_all_tests3&apos;)&gt;&apos; that running pytest on file &apos;test_saved_fixture_session.py&apos; results in {&apos;failed&apos;: 0, &apos;passed&apos;: 2}
============================= test session starts ==============================
platform linux -- Python 3.5.6, pytest-2.9.2, py-1.9.0, pluggy-0.3.1 -- /home/travis/miniconda/envs/test-environment/bin/python
cachedir: .cache
rootdir: /tmp/pytest-of-travis/pytest-0/testdir/test_run_all_tests3, inifile: pytest.ini
plugins: logging-2015.11.4, html-1.9.0, harvest-1.10.0, cases-2.3.0
collecting ... collected 2 items

test_run_all_tests.py::test_foo[0.8038620963581122] PASSED
test_run_all_tests.py::test_foo[0.6501494524681887] PASSED

=========================== 2 passed in 0.02 seconds ===========================
</system-out></testcase><testcase classname="pytest_harvest.tests.test_all_raw_with_meta_check" file="pytest_harvest/tests/test_all_raw_with_meta_check.py" line="21" name="test_run_all_tests[test_saved_fixture_in_fixture.py]" time="0.03820371627807617"><system-out>
Testing in tmp folder &apos;&lt;Testdir local(&apos;/tmp/pytest-of-travis/pytest-0/testdir/test_run_all_tests4&apos;)&gt;&apos; that running pytest on file &apos;test_saved_fixture_in_fixture.py&apos; results in {&apos;failed&apos;: 0, &apos;passed&apos;: 2}
============================= test session starts ==============================
platform linux -- Python 3.5.6, pytest-2.9.2, py-1.9.0, pluggy-0.3.1 -- /home/travis/miniconda/envs/test-environment/bin/python
cachedir: .cache
rootdir: /tmp/pytest-of-travis/pytest-0/testdir/test_run_all_tests4, inifile: pytest.ini
plugins: logging-2015.11.4, html-1.9.0, harvest-1.10.0, cases-2.3.0
collecting ... collected 2 items

test_run_all_tests.py::test_foo[0.9643775253763467] PASSED
test_run_all_tests.py::test_foo[0.5937563269976853] PASSED

=========================== 2 passed in 0.02 seconds ===========================
</system-out></testcase><testcase classname="pytest_harvest.tests.test_all_raw_with_meta_check" file="pytest_harvest/tests/test_all_raw_with_meta_check.py" line="21" name="test_run_all_tests[test_default_fixtures.py]" time="0.08476495742797852"><system-out>
Testing in tmp folder &apos;&lt;Testdir local(&apos;/tmp/pytest-of-travis/pytest-0/testdir/test_run_all_tests5&apos;)&gt;&apos; that running pytest on file &apos;test_default_fixtures.py&apos; results in {&apos;failed&apos;: 0, &apos;skipped&apos;: 0, &apos;passed&apos;: 8}
============================= test session starts ==============================
platform linux -- Python 3.5.6, pytest-2.9.2, py-1.9.0, pluggy-0.3.1 -- /home/travis/miniconda/envs/test-environment/bin/python
cachedir: .cache
rootdir: /tmp/pytest-of-travis/pytest-0/testdir/test_run_all_tests5, inifile: pytest.ini
plugins: logging-2015.11.4, html-1.9.0, harvest-1.10.0, cases-2.3.0
collecting ... collected 8 items

test_run_all_tests.py::test_foo[1-hello] PASSED
test_run_all_tests.py::test_foo[1-world] PASSED
test_run_all_tests.py::test_foo[2-hello] PASSED
test_run_all_tests.py::test_foo[2-world] PASSED
test_run_all_tests.py::test_synthesis_default_module_dct PASSED
test_run_all_tests.py::test_synthesis_default_module_df PASSED
test_run_all_tests.py::test_synthesis_default_session_dct PASSED
test_run_all_tests.py::test_synthesis_default_session_df PASSED

=========================== 8 passed in 0.03 seconds ===========================
</system-out></testcase><testcase classname="pytest_harvest.tests.test_all_raw_with_meta_check" file="pytest_harvest/tests/test_all_raw_with_meta_check.py" line="21" name="test_run_all_tests[test_saved_fixture_basic.py]" time="0.03492140769958496"><system-out>
Testing in tmp folder &apos;&lt;Testdir local(&apos;/tmp/pytest-of-travis/pytest-0/testdir/test_run_all_tests6&apos;)&gt;&apos; that running pytest on file &apos;test_saved_fixture_basic.py&apos; results in {&apos;failed&apos;: 0, &apos;skipped&apos;: 0, &apos;passed&apos;: 2}
============================= test session starts ==============================
platform linux -- Python 3.5.6, pytest-2.9.2, py-1.9.0, pluggy-0.3.1 -- /home/travis/miniconda/envs/test-environment/bin/python
cachedir: .cache
rootdir: /tmp/pytest-of-travis/pytest-0/testdir/test_run_all_tests6, inifile: pytest.ini
plugins: logging-2015.11.4, html-1.9.0, harvest-1.10.0, cases-2.3.0
collecting ... collected 2 items

test_run_all_tests.py::test_dummy PASSED
test_run_all_tests.py::test_synthesis PASSED

=========================== 2 passed in 0.01 seconds ===========================
</system-out></testcase><testcase classname="pytest_harvest.tests.test_all_raw_with_meta_check" file="pytest_harvest/tests/test_all_raw_with_meta_check.py" line="21" name="test_run_all_tests[test_saved_fixture_session_module.py]" time="0.03895163536071777"><system-out>
Testing in tmp folder &apos;&lt;Testdir local(&apos;/tmp/pytest-of-travis/pytest-0/testdir/test_run_all_tests7&apos;)&gt;&apos; that running pytest on file &apos;test_saved_fixture_session_module.py&apos; results in {&apos;failed&apos;: 0, &apos;passed&apos;: 3}
============================= test session starts ==============================
platform linux -- Python 3.5.6, pytest-2.9.2, py-1.9.0, pluggy-0.3.1 -- /home/travis/miniconda/envs/test-environment/bin/python
cachedir: .cache
rootdir: /tmp/pytest-of-travis/pytest-0/testdir/test_run_all_tests7, inifile: pytest.ini
plugins: logging-2015.11.4, html-1.9.0, harvest-1.10.0, cases-2.3.0
collecting ... collected 3 items

test_run_all_tests.py::test_foo PASSED
test_run_all_tests.py::test_bar PASSED
test_run_all_tests.py::test_synthesis PASSED

=========================== 3 passed in 0.02 seconds ===========================
</system-out></testcase><testcase classname="pytest_harvest.tests.test_all_raw_with_meta_check" file="pytest_harvest/tests/test_all_raw_with_meta_check.py" line="21" name="test_run_all_tests[test_get_session_results_indirect_and_noparam.py]" time="0.03818821907043457"><system-out>
Testing in tmp folder &apos;&lt;Testdir local(&apos;/tmp/pytest-of-travis/pytest-0/testdir/test_run_all_tests8&apos;)&gt;&apos; that running pytest on file &apos;test_get_session_results_indirect_and_noparam.py&apos; results in {&apos;failed&apos;: 0, &apos;skipped&apos;: 0, &apos;passed&apos;: 5}
============================= test session starts ==============================
platform linux -- Python 3.5.6, pytest-2.9.2, py-1.9.0, pluggy-0.3.1 -- /home/travis/miniconda/envs/test-environment/bin/python
cachedir: .cache
rootdir: /tmp/pytest-of-travis/pytest-0/testdir/test_run_all_tests8, inifile: pytest.ini
plugins: logging-2015.11.4, html-1.9.0, harvest-1.10.0, cases-2.3.0
collecting ... collected 5 items

test_run_all_tests.py::test_foo[1] PASSED
test_run_all_tests.py::test_foo[2] PASSED
test_run_all_tests.py::test_get_all_pytest_fixture_names_indirect PASSED
test_run_all_tests.py::test_foo2 PASSED
test_run_all_tests.py::test_get_all_pytest_fixture_names_no_param PASSED

=========================== 5 passed in 0.01 seconds ===========================
</system-out></testcase><testcase classname="pytest_harvest.tests.test_all_raw_with_meta_check" file="pytest_harvest/tests/test_all_raw_with_meta_check.py" line="21" name="test_run_all_tests[test_get_session_results.py]" time="0.09366297721862793"><system-out>
Testing in tmp folder &apos;&lt;Testdir local(&apos;/tmp/pytest-of-travis/pytest-0/testdir/test_run_all_tests9&apos;)&gt;&apos; that running pytest on file &apos;test_get_session_results.py&apos; results in {&apos;failed&apos;: 1, &apos;skipped&apos;: 1, &apos;passed&apos;: 17}
============================= test session starts ==============================
platform linux -- Python 3.5.6, pytest-2.9.2, py-1.9.0, pluggy-0.3.1 -- /home/travis/miniconda/envs/test-environment/bin/python
cachedir: .cache
rootdir: /tmp/pytest-of-travis/pytest-0/testdir/test_run_all_tests9, inifile: pytest.ini
plugins: logging-2015.11.4, html-1.9.0, harvest-1.10.0, cases-2.3.0
collecting ... collected 19 items

test_run_all_tests.py::test_run_all_tests.doctestable PASSED
test_run_all_tests.py::test_foo[1-hello] PASSED
test_run_all_tests.py::test_foo[1-world] PASSED
test_run_all_tests.py::test_foo[2-hello] PASSED
test_run_all_tests.py::test_foo[2-world] PASSED
test_run_all_tests.py::test_foo_synthesis_all_options[duration_in_ms=False-flatten=False] PASSED
test_run_all_tests.py::test_foo_synthesis_all_options[duration_in_ms=False-flatten=True] PASSED
test_run_all_tests.py::test_foo_synthesis_all_options[duration_in_ms=True-flatten=False] PASSED
test_run_all_tests.py::test_foo_synthesis_all_options[duration_in_ms=True-flatten=True] PASSED
test_run_all_tests.py::test_skipped SKIPPED
test_run_all_tests.py::test_failing FAILED
test_run_all_tests.py::test_synthesis_skipped PASSED
test_run_all_tests.py::test_synthesis_failed PASSED
test_run_all_tests.py::TestX::test_easy[True] PASSED
test_run_all_tests.py::TestX::test_easy[False] PASSED
test_run_all_tests.py::test_synthesis_id_formatting PASSED
test_run_all_tests.py::test_get_all_pytest_param_names PASSED
test_run_all_tests.py::test_get_all_pytest_fixture_names PASSED
test_run_all_tests.py::test_synthesis_contains_everything PASSED

=================================== FAILURES ===================================
_________________________________ test_failing _________________________________

    def test_failing():
&gt;       pytest.fail(&quot;normal, intended failure here&quot;)
E       Failed: normal, intended failure here

test_run_all_tests.py:116: Failed
================ 1 failed, 17 passed, 1 skipped in 0.07 seconds ================
</system-out></testcase><testcase classname="pytest_harvest.tests.test_all_raw_with_meta_check" file="pytest_harvest/tests/test_all_raw_with_meta_check.py" line="21" name="test_run_all_tests[test_saved_fixture_module_params.py]" time="0.04585528373718262"><system-out>
Testing in tmp folder &apos;&lt;Testdir local(&apos;/tmp/pytest-of-travis/pytest-0/testdir/test_run_all_tests10&apos;)&gt;&apos; that running pytest on file &apos;test_saved_fixture_module_params.py&apos; results in {&apos;failed&apos;: 0, &apos;passed&apos;: 7}
============================= test session starts ==============================
platform linux -- Python 3.5.6, pytest-2.9.2, py-1.9.0, pluggy-0.3.1 -- /home/travis/miniconda/envs/test-environment/bin/python
cachedir: .cache
rootdir: /tmp/pytest-of-travis/pytest-0/testdir/test_run_all_tests10, inifile: pytest.ini
plugins: logging-2015.11.4, html-1.9.0, harvest-1.10.0, cases-2.3.0
collecting ... collected 7 items

test_run_all_tests.py::test_foo[1] PASSED
test_run_all_tests.py::test_bar[1-a] PASSED
test_run_all_tests.py::test_bar[2-a] PASSED
test_run_all_tests.py::test_foo[2] PASSED
test_run_all_tests.py::test_bar[2-b] PASSED
test_run_all_tests.py::test_bar[1-b] PASSED
test_run_all_tests.py::test_synthesis PASSED

=========================== 7 passed in 0.02 seconds ===========================
</system-out></testcase><testcase classname="pytest_harvest.tests.test_doc_basic_dct" file="pytest_harvest/tests/test_doc_basic_dct.py" line="5" name="test_foo[world]" time="0.5014574527740479"><system-out>
   hello, world !
</system-out></testcase><testcase classname="pytest_harvest.tests.test_doc_basic_dct" file="pytest_harvest/tests/test_doc_basic_dct.py" line="5" name="test_foo[self]" time="0.4017369747161865"><system-out>
   hello, self !
</system-out></testcase><testcase classname="pytest_harvest.tests.test_doc_basic_dct" file="pytest_harvest/tests/test_doc_basic_dct.py" line="14" name="test_synthesis" time="0.0017321109771728516"><system-out>
   Available `module_results_dct` keys:
    - test_foo[world]
    - test_foo[self]

   Contents of &apos;test_foo[world]&apos;:
    - &apos;pytest_obj&apos;: &lt;function test_foo at 0x7fb81d316ea0&gt;
    - &apos;status&apos;: passed
    - &apos;duration_ms&apos;: 500.896692276001
    - &apos;status_details&apos;:
      - &apos;setup&apos;: (&apos;passed&apos;, 0.40030479431152344)
      - &apos;teardown&apos;: (&apos;passed&apos;, 0.16045570373535156)
      - &apos;call&apos;: (&apos;passed&apos;, 500.896692276001)
    - &apos;params&apos;: OrderedDict([(&apos;p&apos;, &apos;world&apos;)])
    - &apos;fixtures&apos;: OrderedDict()
</system-out></testcase><testcase classname="pytest_harvest.tests.test_doc_basic_df" file="pytest_harvest/tests/test_doc_basic_df.py" line="5" name="test_foo[world]" time="0.5019211769104004"><system-out>
   hello, world !
</system-out></testcase><testcase classname="pytest_harvest.tests.test_doc_basic_df" file="pytest_harvest/tests/test_doc_basic_df.py" line="5" name="test_foo[self]" time="0.4018747806549072"><system-out>
   hello, self !
</system-out></testcase><testcase classname="pytest_harvest.tests.test_doc_basic_df" file="pytest_harvest/tests/test_doc_basic_df.py" line="14" name="test_synthesis" time="0.013616561889648438"><system-out>
   `module_results_df` dataframe:

                                            pytest_obj  ...        p
test_id                                                 ...         
test_foo[world]  &lt;function test_foo at 0x7fb81d2e5268&gt;  ...    world
test_foo[self]   &lt;function test_foo at 0x7fb81d2e5268&gt;  ...     self

[2 rows x 4 columns]
</system-out></testcase><testcase classname="pytest_harvest.tests.test_doc_basic_df_all" file="pytest_harvest/tests/test_doc_basic_df_all.py" line="21" name="test_foo[0-False]" time="0.5034646987915039"><system-out>
   hello, world !
</system-out></testcase><testcase classname="pytest_harvest.tests.test_doc_basic_df_all" file="pytest_harvest/tests/test_doc_basic_df_all.py" line="21" name="test_foo[0-True]" time="1.0038585662841797"><system-out>
   hello, world !
</system-out></testcase><testcase classname="pytest_harvest.tests.test_doc_basic_df_all" file="pytest_harvest/tests/test_doc_basic_df_all.py" line="21" name="test_foo[1-False]" time="0.4031226634979248"><system-out>
   hello, self !
</system-out></testcase><testcase classname="pytest_harvest.tests.test_doc_basic_df_all" file="pytest_harvest/tests/test_doc_basic_df_all.py" line="21" name="test_foo[1-True]" time="0.803661584854126"><system-out>
   hello, self !
</system-out></testcase><testcase classname="pytest_harvest.tests.test_doc_basic_df_all" file="pytest_harvest/tests/test_doc_basic_df_all.py" line="34" name="test_synthesis" time="0.0050890445709228516"><system-out>
   `module_results_df` dataframe:

| test_id           | pytest_obj                            | status   |   duration_ms | double_sleep_time   |   person_param | person   |   nb_letters | current_time               |
|:------------------|:--------------------------------------|:---------|--------------:|:--------------------|---------------:|:---------|-------------:|:---------------------------|
| test_foo[0-False] | &lt;function test_foo at 0x7fb81d2a0620&gt; | passed   |       500.938 | False               |              0 | world    |            5 | 2020-10-13T10:42:30.762112 |
| test_foo[0-True]  | &lt;function test_foo at 0x7fb81d2a0620&gt; | passed   |      1001.42  | True                |              0 | world    |            5 | 2020-10-13T10:42:31.767245 |
| test_foo[1-False] | &lt;function test_foo at 0x7fb81d2a0620&gt; | passed   |       400.808 | False               |              1 | self     |            4 | 2020-10-13T10:42:32.171752 |
| test_foo[1-True]  | &lt;function test_foo at 0x7fb81d2a0620&gt; | passed   |       801.219 | True                |              1 | self     |            4 | 2020-10-13T10:42:32.976384 |
</system-out></testcase><testcase classname="pytest_harvest.tests.test_doc_basic_results_bag" file="pytest_harvest/tests/test_doc_basic_results_bag.py" line="5" name="test_foo[world]" time="0.0015857219696044922"><system-out>
   hello, world !
</system-out></testcase><testcase classname="pytest_harvest.tests.test_doc_basic_results_bag" file="pytest_harvest/tests/test_doc_basic_results_bag.py" line="5" name="test_foo[self]" time="0.0014412403106689453"><system-out>
   hello, self !
</system-out></testcase><testcase classname="pytest_harvest.tests.test_doc_basic_results_bag" file="pytest_harvest/tests/test_doc_basic_results_bag.py" line="17" name="test_synthesis" time="0.0010786056518554688"><system-out>
   Available `fixture_store` keys:
    - &apos;dummy&apos;
    - &apos;my_fix&apos;
    - &apos;my_fix2&apos;
    - &apos;person&apos;
    - &apos;results_bag&apos;

   Contents of `fixture_store[&apos;results_bag&apos;]`:
    - &apos;pytest_harvest/tests/test_doc_basic_df_all.py::test_foo[0-False]&apos;:
      - &apos;nb_letters&apos;: 5
      - &apos;current_time&apos;: 2020-10-13T10:42:30.762112
    - &apos;pytest_harvest/tests/test_doc_basic_df_all.py::test_foo[0-True]&apos;:
      - &apos;nb_letters&apos;: 5
      - &apos;current_time&apos;: 2020-10-13T10:42:31.767245
    - &apos;pytest_harvest/tests/test_doc_basic_df_all.py::test_foo[1-False]&apos;:
      - &apos;nb_letters&apos;: 4
      - &apos;current_time&apos;: 2020-10-13T10:42:32.171752
    - &apos;pytest_harvest/tests/test_doc_basic_df_all.py::test_foo[1-True]&apos;:
      - &apos;nb_letters&apos;: 4
      - &apos;current_time&apos;: 2020-10-13T10:42:32.976384
    - &apos;pytest_harvest/tests/test_doc_basic_results_bag.py::test_foo[world]&apos;:
      - &apos;nb_letters&apos;: 5
      - &apos;current_time&apos;: 2020-10-13T10:42:32.986441
    - &apos;pytest_harvest/tests/test_doc_basic_results_bag.py::test_foo[self]&apos;:
      - &apos;nb_letters&apos;: 4
      - &apos;current_time&apos;: 2020-10-13T10:42:32.988884
</system-out></testcase><testcase classname="pytest_harvest.tests.test_doc_basic_saved_fixture" file="pytest_harvest/tests/test_doc_basic_saved_fixture.py" line="17" name="test_foo[0]" time="0.0023527145385742188"><system-out>
   hello, world !
</system-out></testcase><testcase classname="pytest_harvest.tests.test_doc_basic_saved_fixture" file="pytest_harvest/tests/test_doc_basic_saved_fixture.py" line="17" name="test_foo[1]" time="0.002300739288330078"><system-out>
   hello, self !
</system-out></testcase><testcase classname="pytest_harvest.tests.test_doc_basic_saved_fixture" file="pytest_harvest/tests/test_doc_basic_saved_fixture.py" line="24" name="test_synthesis" time="0.0009801387786865234"><system-out>
   Available `fixture_store` keys:
    - &apos;dummy&apos;
    - &apos;my_fix&apos;
    - &apos;my_fix2&apos;
    - &apos;person&apos;
    - &apos;results_bag&apos;

   Contents of `fixture_store[&apos;person&apos;]`:
    - &apos;pytest_harvest/tests/test_doc_basic_df_all.py::test_foo[0-False]&apos;: world
    - &apos;pytest_harvest/tests/test_doc_basic_df_all.py::test_foo[0-True]&apos;: world
    - &apos;pytest_harvest/tests/test_doc_basic_df_all.py::test_foo[1-False]&apos;: self
    - &apos;pytest_harvest/tests/test_doc_basic_df_all.py::test_foo[1-True]&apos;: self
    - &apos;pytest_harvest/tests/test_doc_basic_saved_fixture.py::test_foo[0]&apos;: world
    - &apos;pytest_harvest/tests/test_doc_basic_saved_fixture.py::test_foo[1]&apos;: self
</system-out></testcase><testcase classname="pytest_harvest.tests.test_doc_basic_saved_fixture_views" file="pytest_harvest/tests/test_doc_basic_saved_fixture_views.py" line="17" name="test_foo[0]" time="0.0018298625946044922"><system-out>
   hello, world !
</system-out></testcase><testcase classname="pytest_harvest.tests.test_doc_basic_saved_fixture_views" file="pytest_harvest/tests/test_doc_basic_saved_fixture_views.py" line="17" name="test_foo[1]" time="0.0021317005157470703"><system-out>
   hello, self !
</system-out></testcase><testcase classname="pytest_harvest.tests.test_doc_basic_saved_fixture_views" file="pytest_harvest/tests/test_doc_basic_saved_fixture_views.py" line="24" name="test_synthesis" time="0.0008146762847900391"><system-out>
   Available `fixture_store` keys:
    - &apos;dummy&apos;
    - &apos;my_fix&apos;
    - &apos;my_fix2&apos;
    - &apos;person&apos;
    - &apos;results_bag&apos;
    - &apos;other_person_last&apos;
    - &apos;other_person_initial&apos;
</system-out></testcase><testcase classname="pytest_harvest.tests.test_doc_example" file="pytest_harvest/tests/test_doc_example.py" line="22" name="test_my_app_bench[A-1]" time="0.0027124881744384766"></testcase><testcase classname="pytest_harvest.tests.test_doc_example" file="pytest_harvest/tests/test_doc_example.py" line="22" name="test_my_app_bench[A-2]" time="0.002613067626953125"></testcase><testcase classname="pytest_harvest.tests.test_doc_example" file="pytest_harvest/tests/test_doc_example.py" line="22" name="test_my_app_bench[B-1]" time="0.0029485225677490234"></testcase><testcase classname="pytest_harvest.tests.test_doc_example" file="pytest_harvest/tests/test_doc_example.py" line="22" name="test_my_app_bench[B-2]" time="0.0028150081634521484"></testcase><testcase classname="pytest_harvest.tests.test_doc_example" file="pytest_harvest/tests/test_doc_example.py" line="22" name="test_my_app_bench[C-1]" time="0.0026328563690185547"></testcase><testcase classname="pytest_harvest.tests.test_doc_example" file="pytest_harvest/tests/test_doc_example.py" line="22" name="test_my_app_bench[C-2]" time="0.002600431442260742"></testcase><testcase classname="pytest_harvest.tests.test_doc_example" file="pytest_harvest/tests/test_doc_example.py" line="36" name="test_basic" time="0.0006170272827148438"></testcase><testcase classname="pytest_harvest.tests.test_doc_example" file="pytest_harvest/tests/test_doc_example.py" line="42" name="test_synthesis" time="0.007040739059448242"><system-out>test_id                 pytest_obj                                      status      duration_ms    algo_param  dataset_param      accuracy  dataset
----------------------  ----------------------------------------------  --------  -------------  ------------  ---------------  ----------  -------------
test_my_app_bench[A-1]  &lt;function test_my_app_bench at 0x7fb81d239400&gt;  passed         0.157118             1  A                  0.844008  my dataset #A
test_my_app_bench[A-2]  &lt;function test_my_app_bench at 0x7fb81d239400&gt;  passed         0.187159             2  A                  0.611122  my dataset #A
test_my_app_bench[B-1]  &lt;function test_my_app_bench at 0x7fb81d239400&gt;  passed         0.160456             1  B                  0.520679  my dataset #B
test_my_app_bench[B-2]  &lt;function test_my_app_bench at 0x7fb81d239400&gt;  passed         0.16284              2  B                  0.983582  my dataset #B
test_my_app_bench[C-1]  &lt;function test_my_app_bench at 0x7fb81d239400&gt;  passed         0.164747             1  C                  0.375771  my dataset #C
test_my_app_bench[C-2]  &lt;function test_my_app_bench at 0x7fb81d239400&gt;  passed         0.19455              2  C                  0.506179  my dataset #C
test_basic              &lt;function test_basic at 0x7fb81d239598&gt;         passed         0.151634           nan  nan              nan         nan
</system-out></testcase><testcase classname="pytest_harvest.tests.test_doc_example_custom" file="pytest_harvest/tests/test_doc_example_custom.py" line="34" name="test_my_app_bench[A-1]" time="0.002771615982055664"></testcase><testcase classname="pytest_harvest.tests.test_doc_example_custom" file="pytest_harvest/tests/test_doc_example_custom.py" line="34" name="test_my_app_bench[A-2]" time="0.002576589584350586"></testcase><testcase classname="pytest_harvest.tests.test_doc_example_custom" file="pytest_harvest/tests/test_doc_example_custom.py" line="34" name="test_my_app_bench[B-1]" time="0.002619504928588867"></testcase><testcase classname="pytest_harvest.tests.test_doc_example_custom" file="pytest_harvest/tests/test_doc_example_custom.py" line="34" name="test_my_app_bench[B-2]" time="0.0035431385040283203"></testcase><testcase classname="pytest_harvest.tests.test_doc_example_custom" file="pytest_harvest/tests/test_doc_example_custom.py" line="34" name="test_my_app_bench[C-1]" time="0.002518892288208008"></testcase><testcase classname="pytest_harvest.tests.test_doc_example_custom" file="pytest_harvest/tests/test_doc_example_custom.py" line="34" name="test_my_app_bench[C-2]" time="0.0025157928466796875"></testcase><testcase classname="pytest_harvest.tests.test_doc_example_custom" file="pytest_harvest/tests/test_doc_example_custom.py" line="48" name="test_basic" time="0.000621795654296875"></testcase><testcase classname="pytest_harvest.tests.test_doc_example_custom" file="pytest_harvest/tests/test_doc_example_custom.py" line="54" name="test_synthesis" time="0.007042407989501953"><system-out>
Keys:
test_my_app_bench[A-1]
test_my_app_bench[A-2]
test_my_app_bench[B-1]
test_my_app_bench[B-2]
test_my_app_bench[C-1]
test_my_app_bench[C-2]
test_basic

First node:
&apos;pytest_obj&apos;: &lt;function test_my_app_bench at 0x7fb81d2a0e18&gt;
&apos;status&apos;: &apos;passed&apos;
&apos;duration_ms&apos;: 0.16427040100097656
&apos;algo_param&apos;: 1
&apos;dataset_param&apos;: &apos;A&apos;
&apos;dataset&apos;: &apos;my dataset #A&apos;
&apos;accuracy&apos;: 0.3478413731010538
test_id                 status      duration_ms    algo_param  dataset_param    dataset          accuracy
----------------------  --------  -------------  ------------  ---------------  -------------  ----------
test_my_app_bench[A-1]  passed        0.16427               1  A                my dataset #A    0.347841
test_my_app_bench[A-2]  passed        0.160217              2  A                my dataset #A    0.314781
test_my_app_bench[B-1]  passed        0.169516              1  B                my dataset #B    0.607298
test_my_app_bench[B-2]  passed        0.0865459             2  B                my dataset #B    0.318064
test_my_app_bench[C-1]  passed        0.152826              1  C                my dataset #C    0.169459
test_my_app_bench[C-2]  passed        0.153065              2  C                my dataset #C    0.321614
test_basic              passed        0.139952            nan  nan              nan            nan
</system-out></testcase><testcase classname="pytest_harvest.tests.test_lazy_and_harvest" file="pytest_harvest/tests/test_lazy_and_harvest.py" line="20" name="test_foo[foo]" time="0.0007305145263671875"></testcase><testcase classname="pytest_harvest.tests.test_lazy_and_harvest" file="pytest_harvest/tests/test_lazy_and_harvest.py" line="28" name="test_foo2[foo[0]-foo[1]]" time="0.0007965564727783203"></testcase><testcase classname="pytest_harvest.tests.test_lazy_and_harvest" file="pytest_harvest/tests/test_lazy_and_harvest.py" line="36" name="test_foo3[a_is_foo]" time="0.002123117446899414"></testcase><testcase classname="pytest_harvest.tests.test_lazy_and_harvest" file="pytest_harvest/tests/test_lazy_and_harvest.py" line="36" name="test_foo3[a_is_b]" time="0.0020194053649902344"></testcase><testcase classname="pytest_harvest.tests.test_lazy_and_harvest" file="pytest_harvest/tests/test_lazy_and_harvest.py" line="48" name="test_synthesis" time="0.00859212875366211"></testcase><testcase classname="pytest_harvest.tests.test_results_bag_basic" file="pytest_harvest/tests/test_results_bag_basic.py" line="3" name="test_results_bag_basic" time="0.0006973743438720703"></testcase><testcase classname="pytest_harvest.tests.test_unicode_literals" file="pytest_harvest/tests/test_unicode_literals.py" line="4" name="test_filterset" time="0.0008606910705566406"></testcase></testsuite>