<?xml version="1.0" encoding="utf-8"?><testsuite errors="0" failures="0" name="pytest" skips="0" tests="48" time="5.883"><testcase classname="pytest_harvest.tests.test_all_raw_with_meta_check" file="pytest_harvest/tests/test_all_raw_with_meta_check.py" line="21" name="test_run_all_tests[test_results_bags.py]" time="0.06703543663024902"><system-out>
Testing that running pytest on file test_results_bags.py results in {&apos;skipped&apos;: 0, &apos;passed&apos;: 6, &apos;failed&apos;: 0}
============================= test session starts ==============================
platform linux -- Python 3.5.6, pytest-2.9.2, py-1.8.0, pluggy-0.3.1
rootdir: /tmp/pytest-of-travis/pytest-0/testdir/test_run_all_tests0, inifile: 
plugins: logging-2015.11.4, html-1.9.0, harvest-1.7.3.dev2+gc0fbe8c
collected 6 items

test_run_all_tests.py ......

=========================== 6 passed in 0.03 seconds ===========================
</system-out></testcase><testcase classname="pytest_harvest.tests.test_all_raw_with_meta_check" file="pytest_harvest/tests/test_all_raw_with_meta_check.py" line="21" name="test_run_all_tests[test_saved_fixture_in_global_var.py]" time="0.04868173599243164"><system-out>
Testing that running pytest on file test_saved_fixture_in_global_var.py results in {&apos;passed&apos;: 2, &apos;failed&apos;: 0}
============================= test session starts ==============================
platform linux -- Python 3.5.6, pytest-2.9.2, py-1.8.0, pluggy-0.3.1
rootdir: /tmp/pytest-of-travis/pytest-0/testdir/test_run_all_tests1, inifile: 
plugins: logging-2015.11.4, html-1.9.0, harvest-1.7.3.dev2+gc0fbe8c
collected 2 items

test_run_all_tests.py ..

=========================== 2 passed in 0.02 seconds ===========================
</system-out></testcase><testcase classname="pytest_harvest.tests.test_all_raw_with_meta_check" file="pytest_harvest/tests/test_all_raw_with_meta_check.py" line="21" name="test_run_all_tests[test_all_together.py]" time="0.07481074333190918"><system-out>
Testing that running pytest on file test_all_together.py results in {&apos;skipped&apos;: 0, &apos;passed&apos;: 9, &apos;failed&apos;: 0}
============================= test session starts ==============================
platform linux -- Python 3.5.6, pytest-2.9.2, py-1.8.0, pluggy-0.3.1
rootdir: /tmp/pytest-of-travis/pytest-0/testdir/test_run_all_tests2, inifile: 
plugins: logging-2015.11.4, html-1.9.0, harvest-1.7.3.dev2+gc0fbe8c
collected 9 items

test_run_all_tests.py .........

=========================== 9 passed in 0.05 seconds ===========================
</system-out></testcase><testcase classname="pytest_harvest.tests.test_all_raw_with_meta_check" file="pytest_harvest/tests/test_all_raw_with_meta_check.py" line="21" name="test_run_all_tests[test_saved_fixture_session.py]" time="0.04797077178955078"><system-out>
Testing that running pytest on file test_saved_fixture_session.py results in {&apos;passed&apos;: 2, &apos;failed&apos;: 0}
============================= test session starts ==============================
platform linux -- Python 3.5.6, pytest-2.9.2, py-1.8.0, pluggy-0.3.1
rootdir: /tmp/pytest-of-travis/pytest-0/testdir/test_run_all_tests3, inifile: 
plugins: logging-2015.11.4, html-1.9.0, harvest-1.7.3.dev2+gc0fbe8c
collected 2 items

test_run_all_tests.py ..

=========================== 2 passed in 0.02 seconds ===========================
</system-out></testcase><testcase classname="pytest_harvest.tests.test_all_raw_with_meta_check" file="pytest_harvest/tests/test_all_raw_with_meta_check.py" line="21" name="test_run_all_tests[test_saved_fixture_in_fixture.py]" time="0.04486584663391113"><system-out>
Testing that running pytest on file test_saved_fixture_in_fixture.py results in {&apos;passed&apos;: 2, &apos;failed&apos;: 0}
============================= test session starts ==============================
platform linux -- Python 3.5.6, pytest-2.9.2, py-1.8.0, pluggy-0.3.1
rootdir: /tmp/pytest-of-travis/pytest-0/testdir/test_run_all_tests4, inifile: 
plugins: logging-2015.11.4, html-1.9.0, harvest-1.7.3.dev2+gc0fbe8c
collected 2 items

test_run_all_tests.py ..

=========================== 2 passed in 0.02 seconds ===========================
</system-out></testcase><testcase classname="pytest_harvest.tests.test_all_raw_with_meta_check" file="pytest_harvest/tests/test_all_raw_with_meta_check.py" line="21" name="test_run_all_tests[test_default_fixtures.py]" time="0.05950760841369629"><system-out>
Testing that running pytest on file test_default_fixtures.py results in {&apos;skipped&apos;: 0, &apos;passed&apos;: 8, &apos;failed&apos;: 0}
============================= test session starts ==============================
platform linux -- Python 3.5.6, pytest-2.9.2, py-1.8.0, pluggy-0.3.1
rootdir: /tmp/pytest-of-travis/pytest-0/testdir/test_run_all_tests5, inifile: 
plugins: logging-2015.11.4, html-1.9.0, harvest-1.7.3.dev2+gc0fbe8c
collected 8 items

test_run_all_tests.py ........

=========================== 8 passed in 0.03 seconds ===========================
</system-out></testcase><testcase classname="pytest_harvest.tests.test_all_raw_with_meta_check" file="pytest_harvest/tests/test_all_raw_with_meta_check.py" line="21" name="test_run_all_tests[test_saved_fixture_basic.py]" time="0.03976035118103027"><system-out>
Testing that running pytest on file test_saved_fixture_basic.py results in {&apos;skipped&apos;: 0, &apos;passed&apos;: 2, &apos;failed&apos;: 0}
============================= test session starts ==============================
platform linux -- Python 3.5.6, pytest-2.9.2, py-1.8.0, pluggy-0.3.1
rootdir: /tmp/pytest-of-travis/pytest-0/testdir/test_run_all_tests6, inifile: 
plugins: logging-2015.11.4, html-1.9.0, harvest-1.7.3.dev2+gc0fbe8c
collected 2 items

test_run_all_tests.py ..

=========================== 2 passed in 0.01 seconds ===========================
</system-out></testcase><testcase classname="pytest_harvest.tests.test_all_raw_with_meta_check" file="pytest_harvest/tests/test_all_raw_with_meta_check.py" line="21" name="test_run_all_tests[test_saved_fixture_session_module.py]" time="0.04499506950378418"><system-out>
Testing that running pytest on file test_saved_fixture_session_module.py results in {&apos;passed&apos;: 3, &apos;failed&apos;: 0}
============================= test session starts ==============================
platform linux -- Python 3.5.6, pytest-2.9.2, py-1.8.0, pluggy-0.3.1
rootdir: /tmp/pytest-of-travis/pytest-0/testdir/test_run_all_tests7, inifile: 
plugins: logging-2015.11.4, html-1.9.0, harvest-1.7.3.dev2+gc0fbe8c
collected 3 items

test_run_all_tests.py ...

=========================== 3 passed in 0.02 seconds ===========================
</system-out></testcase><testcase classname="pytest_harvest.tests.test_all_raw_with_meta_check" file="pytest_harvest/tests/test_all_raw_with_meta_check.py" line="21" name="test_run_all_tests[test_get_session_results_indirect_and_noparam.py]" time="0.0838165283203125"><system-out>
Testing that running pytest on file test_get_session_results_indirect_and_noparam.py results in {&apos;skipped&apos;: 0, &apos;passed&apos;: 5, &apos;failed&apos;: 0}
============================= test session starts ==============================
platform linux -- Python 3.5.6, pytest-2.9.2, py-1.8.0, pluggy-0.3.1
rootdir: /tmp/pytest-of-travis/pytest-0/testdir/test_run_all_tests8, inifile: 
plugins: logging-2015.11.4, html-1.9.0, harvest-1.7.3.dev2+gc0fbe8c
collected 5 items

test_run_all_tests.py .....

=========================== 5 passed in 0.01 seconds ===========================
</system-out></testcase><testcase classname="pytest_harvest.tests.test_all_raw_with_meta_check" file="pytest_harvest/tests/test_all_raw_with_meta_check.py" line="21" name="test_run_all_tests[test_get_session_results.py]" time="0.1261458396911621"><system-out>
Testing that running pytest on file test_get_session_results.py results in {&apos;skipped&apos;: 1, &apos;passed&apos;: 16, &apos;failed&apos;: 1}
============================= test session starts ==============================
platform linux -- Python 3.5.6, pytest-2.9.2, py-1.8.0, pluggy-0.3.1
rootdir: /tmp/pytest-of-travis/pytest-0/testdir/test_run_all_tests9, inifile: 
plugins: logging-2015.11.4, html-1.9.0, harvest-1.7.3.dev2+gc0fbe8c
collected 18 items

test_run_all_tests.py ........sF........

=================================== FAILURES ===================================
_________________________________ test_failing _________________________________

    def test_failing():
&gt;       pytest.fail(&quot;normal, intended failure here&quot;)
E       Failed: normal, intended failure here

test_run_all_tests.py:116: Failed
================ 1 failed, 16 passed, 1 skipped in 0.10 seconds ================
</system-out></testcase><testcase classname="pytest_harvest.tests.test_all_raw_with_meta_check" file="pytest_harvest/tests/test_all_raw_with_meta_check.py" line="21" name="test_run_all_tests[test_saved_fixture_module_params.py]" time="0.053307294845581055"><system-out>
Testing that running pytest on file test_saved_fixture_module_params.py results in {&apos;passed&apos;: 7, &apos;failed&apos;: 0}
============================= test session starts ==============================
platform linux -- Python 3.5.6, pytest-2.9.2, py-1.8.0, pluggy-0.3.1
rootdir: /tmp/pytest-of-travis/pytest-0/testdir/test_run_all_tests10, inifile: 
plugins: logging-2015.11.4, html-1.9.0, harvest-1.7.3.dev2+gc0fbe8c
collected 7 items

test_run_all_tests.py .......

=========================== 7 passed in 0.03 seconds ===========================
</system-out></testcase><testcase classname="pytest_harvest.tests.test_doc_basic_dct" file="pytest_harvest/tests/test_doc_basic_dct.py" line="5" name="test_foo[world]" time="0.5018401145935059"><system-out>
   hello, world !
</system-out></testcase><testcase classname="pytest_harvest.tests.test_doc_basic_dct" file="pytest_harvest/tests/test_doc_basic_dct.py" line="5" name="test_foo[self]" time="0.4019203186035156"><system-out>
   hello, self !
</system-out></testcase><testcase classname="pytest_harvest.tests.test_doc_basic_dct" file="pytest_harvest/tests/test_doc_basic_dct.py" line="14" name="test_synthesis" time="0.0030412673950195312"><system-out>
   Available `module_results_dct` keys:
    - test_foo[world]
    - test_foo[self]

   Contents of &apos;test_foo[world]&apos;:
    - &apos;pytest_obj&apos;: &lt;function test_foo at 0x7fd1b9e036a8&gt;
    - &apos;status&apos;: passed
    - &apos;duration_ms&apos;: 500.9937286376953
    - &apos;status_details&apos;:
      - &apos;teardown&apos;: (&apos;passed&apos;, 0.26345252990722656)
      - &apos;setup&apos;: (&apos;passed&apos;, 0.5829334259033203)
      - &apos;call&apos;: (&apos;passed&apos;, 500.9937286376953)
    - &apos;params&apos;: OrderedDict([(&apos;p&apos;, &apos;world&apos;)])
    - &apos;fixtures&apos;: OrderedDict()
</system-out></testcase><testcase classname="pytest_harvest.tests.test_doc_basic_df" file="pytest_harvest/tests/test_doc_basic_df.py" line="5" name="test_foo[world]" time="0.5025687217712402"><system-out>
   hello, world !
</system-out></testcase><testcase classname="pytest_harvest.tests.test_doc_basic_df" file="pytest_harvest/tests/test_doc_basic_df.py" line="5" name="test_foo[self]" time="0.40178561210632324"><system-out>
   hello, self !
</system-out></testcase><testcase classname="pytest_harvest.tests.test_doc_basic_df" file="pytest_harvest/tests/test_doc_basic_df.py" line="14" name="test_synthesis" time="0.016529083251953125"><system-out>
   `module_results_df` dataframe:

                                            pytest_obj  ...        p
test_id                                                 ...         
test_foo[world]  &lt;function test_foo at 0x7fd1b9e2f6a8&gt;  ...    world
test_foo[self]   &lt;function test_foo at 0x7fd1b9e2f6a8&gt;  ...     self

[2 rows x 4 columns]
</system-out></testcase><testcase classname="pytest_harvest.tests.test_doc_basic_df_all" file="pytest_harvest/tests/test_doc_basic_df_all.py" line="21" name="test_foo[0-False]" time="0.5040397644042969"><system-out>
   hello, world !
</system-out></testcase><testcase classname="pytest_harvest.tests.test_doc_basic_df_all" file="pytest_harvest/tests/test_doc_basic_df_all.py" line="21" name="test_foo[0-True]" time="1.0055086612701416"><system-out>
   hello, world !
</system-out></testcase><testcase classname="pytest_harvest.tests.test_doc_basic_df_all" file="pytest_harvest/tests/test_doc_basic_df_all.py" line="21" name="test_foo[1-False]" time="0.4038822650909424"><system-out>
   hello, self !
</system-out></testcase><testcase classname="pytest_harvest.tests.test_doc_basic_df_all" file="pytest_harvest/tests/test_doc_basic_df_all.py" line="21" name="test_foo[1-True]" time="0.8041098117828369"><system-out>
   hello, self !
</system-out></testcase><testcase classname="pytest_harvest.tests.test_doc_basic_df_all" file="pytest_harvest/tests/test_doc_basic_df_all.py" line="34" name="test_synthesis" time="0.0067021846771240234"><system-out>
   `module_results_df` dataframe:

| test_id           | pytest_obj                            | status   |   duration_ms | double_sleep_time   |   person_param | person   |   nb_letters | current_time               |
|:------------------|:--------------------------------------|:---------|--------------:|:--------------------|---------------:|:---------|-------------:|:---------------------------|
| test_foo[0-False] | &lt;function test_foo at 0x7fd1b9de68c8&gt; | passed   |       501.128 | False               |              0 | world    |            5 | 2019-10-23T14:48:28.587852 |
| test_foo[0-True]  | &lt;function test_foo at 0x7fd1b9de68c8&gt; | passed   |      1001.76  | True                |              0 | world    |            5 | 2019-10-23T14:48:29.595404 |
| test_foo[1-False] | &lt;function test_foo at 0x7fd1b9de68c8&gt; | passed   |       400.956 | False               |              1 | self     |            4 | 2019-10-23T14:48:30.002815 |
| test_foo[1-True]  | &lt;function test_foo at 0x7fd1b9de68c8&gt; | passed   |       801.321 | True                |              1 | self     |            4 | 2019-10-23T14:48:30.808786 |
</system-out></testcase><testcase classname="pytest_harvest.tests.test_doc_basic_results_bag" file="pytest_harvest/tests/test_doc_basic_results_bag.py" line="5" name="test_foo[world]" time="0.0020575523376464844"><system-out>
   hello, world !
</system-out></testcase><testcase classname="pytest_harvest.tests.test_doc_basic_results_bag" file="pytest_harvest/tests/test_doc_basic_results_bag.py" line="5" name="test_foo[self]" time="0.002011537551879883"><system-out>
   hello, self !
</system-out></testcase><testcase classname="pytest_harvest.tests.test_doc_basic_results_bag" file="pytest_harvest/tests/test_doc_basic_results_bag.py" line="17" name="test_synthesis" time="0.0012285709381103516"><system-out>
   Available `fixture_store` keys:
    - &apos;person&apos;
    - &apos;results_bag&apos;

   Contents of `fixture_store[&apos;results_bag&apos;]`:
    - &apos;pytest_harvest/tests/test_doc_basic_df_all.py::test_foo[0-False]&apos;:
      - &apos;nb_letters&apos;: 5
      - &apos;current_time&apos;: 2019-10-23T14:48:28.587852
    - &apos;pytest_harvest/tests/test_doc_basic_df_all.py::test_foo[0-True]&apos;:
      - &apos;nb_letters&apos;: 5
      - &apos;current_time&apos;: 2019-10-23T14:48:29.595404
    - &apos;pytest_harvest/tests/test_doc_basic_df_all.py::test_foo[1-False]&apos;:
      - &apos;nb_letters&apos;: 4
      - &apos;current_time&apos;: 2019-10-23T14:48:30.002815
    - &apos;pytest_harvest/tests/test_doc_basic_df_all.py::test_foo[1-True]&apos;:
      - &apos;nb_letters&apos;: 4
      - &apos;current_time&apos;: 2019-10-23T14:48:30.808786
    - &apos;pytest_harvest/tests/test_doc_basic_results_bag.py::test_foo[world]&apos;:
      - &apos;nb_letters&apos;: 5
      - &apos;current_time&apos;: 2019-10-23T14:48:30.821341
    - &apos;pytest_harvest/tests/test_doc_basic_results_bag.py::test_foo[self]&apos;:
      - &apos;nb_letters&apos;: 4
      - &apos;current_time&apos;: 2019-10-23T14:48:30.824755
</system-out></testcase><testcase classname="pytest_harvest.tests.test_doc_basic_saved_fixture" file="pytest_harvest/tests/test_doc_basic_saved_fixture.py" line="17" name="test_foo[0]" time="0.002031087875366211"><system-out>
   hello, world !
</system-out></testcase><testcase classname="pytest_harvest.tests.test_doc_basic_saved_fixture" file="pytest_harvest/tests/test_doc_basic_saved_fixture.py" line="17" name="test_foo[1]" time="0.002178192138671875"><system-out>
   hello, self !
</system-out></testcase><testcase classname="pytest_harvest.tests.test_doc_basic_saved_fixture" file="pytest_harvest/tests/test_doc_basic_saved_fixture.py" line="24" name="test_synthesis" time="0.0014553070068359375"><system-out>
   Available `fixture_store` keys:
    - &apos;person&apos;
    - &apos;results_bag&apos;

   Contents of `fixture_store[&apos;person&apos;]`:
    - &apos;pytest_harvest/tests/test_doc_basic_df_all.py::test_foo[0-False]&apos;: world
    - &apos;pytest_harvest/tests/test_doc_basic_df_all.py::test_foo[0-True]&apos;: world
    - &apos;pytest_harvest/tests/test_doc_basic_df_all.py::test_foo[1-False]&apos;: self
    - &apos;pytest_harvest/tests/test_doc_basic_df_all.py::test_foo[1-True]&apos;: self
    - &apos;pytest_harvest/tests/test_doc_basic_saved_fixture.py::test_foo[0]&apos;: world
    - &apos;pytest_harvest/tests/test_doc_basic_saved_fixture.py::test_foo[1]&apos;: self
</system-out></testcase><testcase classname="pytest_harvest.tests.test_doc_basic_saved_fixture_views" file="pytest_harvest/tests/test_doc_basic_saved_fixture_views.py" line="17" name="test_foo[0]" time="0.0026998519897460938"><system-out>
   hello, world !
</system-out></testcase><testcase classname="pytest_harvest.tests.test_doc_basic_saved_fixture_views" file="pytest_harvest/tests/test_doc_basic_saved_fixture_views.py" line="17" name="test_foo[1]" time="0.00262451171875"><system-out>
   hello, self !
</system-out></testcase><testcase classname="pytest_harvest.tests.test_doc_basic_saved_fixture_views" file="pytest_harvest/tests/test_doc_basic_saved_fixture_views.py" line="24" name="test_synthesis" time="0.0016624927520751953"><system-out>
   Available `fixture_store` keys:
    - &apos;person&apos;
    - &apos;results_bag&apos;
    - &apos;other_person_last&apos;
    - &apos;other_person_initial&apos;
</system-out></testcase><testcase classname="pytest_harvest.tests.test_doc_example" file="pytest_harvest/tests/test_doc_example.py" line="22" name="test_my_app_bench[A-1]" time="0.004385471343994141"></testcase><testcase classname="pytest_harvest.tests.test_doc_example" file="pytest_harvest/tests/test_doc_example.py" line="22" name="test_my_app_bench[A-2]" time="0.004016876220703125"></testcase><testcase classname="pytest_harvest.tests.test_doc_example" file="pytest_harvest/tests/test_doc_example.py" line="22" name="test_my_app_bench[B-1]" time="0.004062652587890625"></testcase><testcase classname="pytest_harvest.tests.test_doc_example" file="pytest_harvest/tests/test_doc_example.py" line="22" name="test_my_app_bench[B-2]" time="0.004091739654541016"></testcase><testcase classname="pytest_harvest.tests.test_doc_example" file="pytest_harvest/tests/test_doc_example.py" line="22" name="test_my_app_bench[C-1]" time="0.004440784454345703"></testcase><testcase classname="pytest_harvest.tests.test_doc_example" file="pytest_harvest/tests/test_doc_example.py" line="22" name="test_my_app_bench[C-2]" time="0.0040438175201416016"></testcase><testcase classname="pytest_harvest.tests.test_doc_example" file="pytest_harvest/tests/test_doc_example.py" line="36" name="test_basic" time="0.0008976459503173828"></testcase><testcase classname="pytest_harvest.tests.test_doc_example" file="pytest_harvest/tests/test_doc_example.py" line="42" name="test_synthesis" time="0.010571479797363281"><system-out>test_id                 pytest_obj                                      status      duration_ms    algo_param  dataset_param       accuracy  dataset
----------------------  ----------------------------------------------  --------  -------------  ------------  ---------------  -----------  -------------
test_my_app_bench[A-1]  &lt;function test_my_app_bench at 0x7fd1b9d786a8&gt;  passed         0.242233             1  A                  0.855843   my dataset #A
test_my_app_bench[A-2]  &lt;function test_my_app_bench at 0x7fd1b9d786a8&gt;  passed         0.256777             2  A                  0.965055   my dataset #A
test_my_app_bench[B-1]  &lt;function test_my_app_bench at 0x7fd1b9d786a8&gt;  passed         0.230551             1  B                  0.573729   my dataset #B
test_my_app_bench[B-2]  &lt;function test_my_app_bench at 0x7fd1b9d786a8&gt;  passed         0.273228             2  B                  0.0839744  my dataset #B
test_my_app_bench[C-1]  &lt;function test_my_app_bench at 0x7fd1b9d786a8&gt;  passed         0.277758             1  C                  0.759079   my dataset #C
test_my_app_bench[C-2]  &lt;function test_my_app_bench at 0x7fd1b9d786a8&gt;  passed         0.223637             2  C                  0.0643807  my dataset #C
test_basic              &lt;function test_basic at 0x7fd1b9d78840&gt;         passed         0.26536            nan  nan              nan          nan
</system-out></testcase><testcase classname="pytest_harvest.tests.test_doc_example_custom" file="pytest_harvest/tests/test_doc_example_custom.py" line="34" name="test_my_app_bench[A-1]" time="0.004570960998535156"></testcase><testcase classname="pytest_harvest.tests.test_doc_example_custom" file="pytest_harvest/tests/test_doc_example_custom.py" line="34" name="test_my_app_bench[A-2]" time="0.0037643909454345703"></testcase><testcase classname="pytest_harvest.tests.test_doc_example_custom" file="pytest_harvest/tests/test_doc_example_custom.py" line="34" name="test_my_app_bench[B-1]" time="0.0025262832641601562"></testcase><testcase classname="pytest_harvest.tests.test_doc_example_custom" file="pytest_harvest/tests/test_doc_example_custom.py" line="34" name="test_my_app_bench[B-2]" time="0.002768278121948242"></testcase><testcase classname="pytest_harvest.tests.test_doc_example_custom" file="pytest_harvest/tests/test_doc_example_custom.py" line="34" name="test_my_app_bench[C-1]" time="0.005825519561767578"></testcase><testcase classname="pytest_harvest.tests.test_doc_example_custom" file="pytest_harvest/tests/test_doc_example_custom.py" line="34" name="test_my_app_bench[C-2]" time="0.0028023719787597656"></testcase><testcase classname="pytest_harvest.tests.test_doc_example_custom" file="pytest_harvest/tests/test_doc_example_custom.py" line="48" name="test_basic" time="0.0009832382202148438"></testcase><testcase classname="pytest_harvest.tests.test_doc_example_custom" file="pytest_harvest/tests/test_doc_example_custom.py" line="54" name="test_synthesis" time="0.007309436798095703"><system-out>
Keys:
test_my_app_bench[A-1]
test_my_app_bench[A-2]
test_my_app_bench[B-1]
test_my_app_bench[B-2]
test_my_app_bench[C-1]
test_my_app_bench[C-2]
test_basic

First node:
&apos;pytest_obj&apos;: &lt;function test_my_app_bench at 0x7fd1b1ae8d90&gt;
&apos;status&apos;: &apos;passed&apos;
&apos;duration_ms&apos;: 0.22459030151367188
&apos;algo_param&apos;: 1
&apos;dataset_param&apos;: &apos;A&apos;
&apos;dataset&apos;: &apos;my dataset #A&apos;
&apos;accuracy&apos;: 0.30728038232543664
test_id                 status      duration_ms    algo_param  dataset_param    dataset           accuracy
----------------------  --------  -------------  ------------  ---------------  -------------  -----------
test_my_app_bench[A-1]  passed         0.22459              1  A                my dataset #A    0.30728
test_my_app_bench[A-2]  passed         0.146866             2  A                my dataset #A    0.272493
test_my_app_bench[B-1]  passed         0.119686             1  B                my dataset #B    0.813831
test_my_app_bench[B-2]  passed         0.122786             2  B                my dataset #B    0.703939
test_my_app_bench[C-1]  passed         0.238657             1  C                my dataset #C    0.0696963
test_my_app_bench[C-2]  passed         0.122309             2  C                my dataset #C    0.644713
test_basic              passed         0.197887           nan  nan              nan            nan
</system-out></testcase><testcase classname="pytest_harvest.tests.test_results_bag_basic" file="pytest_harvest/tests/test_results_bag_basic.py" line="3" name="test_results_bag_basic" time="0.0011444091796875"></testcase></testsuite>