<?xml version="1.0" encoding="utf-8"?><testsuite errors="0" failures="0" name="pytest" skips="0" tests="49" time="5.328"><testcase classname="pytest_harvest.tests.test_all_raw_with_meta_check" file="pytest_harvest/tests/test_all_raw_with_meta_check.py" line="21" name="test_run_all_tests[test_results_bags.py]" time="0.05314373970031738"><system-out>
Testing that running pytest on file test_results_bags.py results in {&apos;skipped&apos;: 0, &apos;failed&apos;: 0, &apos;passed&apos;: 6}
============================= test session starts ==============================
platform linux -- Python 3.5.6, pytest-2.9.2, py-1.8.1, pluggy-0.3.1
rootdir: /tmp/pytest-of-travis/pytest-0/testdir/test_run_all_tests0, inifile: 
plugins: logging-2015.11.4, html-1.9.0, harvest-1.8.1.dev6+g3cdf03d
collected 6 items

test_run_all_tests.py ......

=========================== 6 passed in 0.03 seconds ===========================
</system-out></testcase><testcase classname="pytest_harvest.tests.test_all_raw_with_meta_check" file="pytest_harvest/tests/test_all_raw_with_meta_check.py" line="21" name="test_run_all_tests[test_saved_fixture_in_global_var.py]" time="0.04139518737792969"><system-out>
Testing that running pytest on file test_saved_fixture_in_global_var.py results in {&apos;failed&apos;: 0, &apos;passed&apos;: 2}
============================= test session starts ==============================
platform linux -- Python 3.5.6, pytest-2.9.2, py-1.8.1, pluggy-0.3.1
rootdir: /tmp/pytest-of-travis/pytest-0/testdir/test_run_all_tests1, inifile: 
plugins: logging-2015.11.4, html-1.9.0, harvest-1.8.1.dev6+g3cdf03d
collected 2 items

test_run_all_tests.py ..

=========================== 2 passed in 0.01 seconds ===========================
</system-out></testcase><testcase classname="pytest_harvest.tests.test_all_raw_with_meta_check" file="pytest_harvest/tests/test_all_raw_with_meta_check.py" line="21" name="test_run_all_tests[test_all_together.py]" time="0.06682562828063965"><system-out>
Testing that running pytest on file test_all_together.py results in {&apos;skipped&apos;: 0, &apos;failed&apos;: 0, &apos;passed&apos;: 9}
============================= test session starts ==============================
platform linux -- Python 3.5.6, pytest-2.9.2, py-1.8.1, pluggy-0.3.1
rootdir: /tmp/pytest-of-travis/pytest-0/testdir/test_run_all_tests2, inifile: 
plugins: logging-2015.11.4, html-1.9.0, harvest-1.8.1.dev6+g3cdf03d
collected 9 items

test_run_all_tests.py .........

=========================== 9 passed in 0.04 seconds ===========================
</system-out></testcase><testcase classname="pytest_harvest.tests.test_all_raw_with_meta_check" file="pytest_harvest/tests/test_all_raw_with_meta_check.py" line="21" name="test_run_all_tests[test_saved_fixture_session.py]" time="0.03645944595336914"><system-out>
Testing that running pytest on file test_saved_fixture_session.py results in {&apos;failed&apos;: 0, &apos;passed&apos;: 2}
============================= test session starts ==============================
platform linux -- Python 3.5.6, pytest-2.9.2, py-1.8.1, pluggy-0.3.1
rootdir: /tmp/pytest-of-travis/pytest-0/testdir/test_run_all_tests3, inifile: 
plugins: logging-2015.11.4, html-1.9.0, harvest-1.8.1.dev6+g3cdf03d
collected 2 items

test_run_all_tests.py ..

=========================== 2 passed in 0.01 seconds ===========================
</system-out></testcase><testcase classname="pytest_harvest.tests.test_all_raw_with_meta_check" file="pytest_harvest/tests/test_all_raw_with_meta_check.py" line="21" name="test_run_all_tests[test_saved_fixture_in_fixture.py]" time="0.037700653076171875"><system-out>
Testing that running pytest on file test_saved_fixture_in_fixture.py results in {&apos;failed&apos;: 0, &apos;passed&apos;: 2}
============================= test session starts ==============================
platform linux -- Python 3.5.6, pytest-2.9.2, py-1.8.1, pluggy-0.3.1
rootdir: /tmp/pytest-of-travis/pytest-0/testdir/test_run_all_tests4, inifile: 
plugins: logging-2015.11.4, html-1.9.0, harvest-1.8.1.dev6+g3cdf03d
collected 2 items

test_run_all_tests.py ..

=========================== 2 passed in 0.01 seconds ===========================
</system-out></testcase><testcase classname="pytest_harvest.tests.test_all_raw_with_meta_check" file="pytest_harvest/tests/test_all_raw_with_meta_check.py" line="21" name="test_run_all_tests[test_default_fixtures.py]" time="0.049962520599365234"><system-out>
Testing that running pytest on file test_default_fixtures.py results in {&apos;skipped&apos;: 0, &apos;failed&apos;: 0, &apos;passed&apos;: 8}
============================= test session starts ==============================
platform linux -- Python 3.5.6, pytest-2.9.2, py-1.8.1, pluggy-0.3.1
rootdir: /tmp/pytest-of-travis/pytest-0/testdir/test_run_all_tests5, inifile: 
plugins: logging-2015.11.4, html-1.9.0, harvest-1.8.1.dev6+g3cdf03d
collected 8 items

test_run_all_tests.py ........

=========================== 8 passed in 0.03 seconds ===========================
</system-out></testcase><testcase classname="pytest_harvest.tests.test_all_raw_with_meta_check" file="pytest_harvest/tests/test_all_raw_with_meta_check.py" line="21" name="test_run_all_tests[test_saved_fixture_basic.py]" time="0.03182029724121094"><system-out>
Testing that running pytest on file test_saved_fixture_basic.py results in {&apos;skipped&apos;: 0, &apos;failed&apos;: 0, &apos;passed&apos;: 2}
============================= test session starts ==============================
platform linux -- Python 3.5.6, pytest-2.9.2, py-1.8.1, pluggy-0.3.1
rootdir: /tmp/pytest-of-travis/pytest-0/testdir/test_run_all_tests6, inifile: 
plugins: logging-2015.11.4, html-1.9.0, harvest-1.8.1.dev6+g3cdf03d
collected 2 items

test_run_all_tests.py ..

=========================== 2 passed in 0.01 seconds ===========================
</system-out></testcase><testcase classname="pytest_harvest.tests.test_all_raw_with_meta_check" file="pytest_harvest/tests/test_all_raw_with_meta_check.py" line="21" name="test_run_all_tests[test_saved_fixture_session_module.py]" time="0.07274436950683594"><system-out>
Testing that running pytest on file test_saved_fixture_session_module.py results in {&apos;failed&apos;: 0, &apos;passed&apos;: 3}
============================= test session starts ==============================
platform linux -- Python 3.5.6, pytest-2.9.2, py-1.8.1, pluggy-0.3.1
rootdir: /tmp/pytest-of-travis/pytest-0/testdir/test_run_all_tests7, inifile: 
plugins: logging-2015.11.4, html-1.9.0, harvest-1.8.1.dev6+g3cdf03d
collected 3 items

test_run_all_tests.py ...

=========================== 3 passed in 0.01 seconds ===========================
</system-out></testcase><testcase classname="pytest_harvest.tests.test_all_raw_with_meta_check" file="pytest_harvest/tests/test_all_raw_with_meta_check.py" line="21" name="test_run_all_tests[test_get_session_results_indirect_and_noparam.py]" time="0.035245656967163086"><system-out>
Testing that running pytest on file test_get_session_results_indirect_and_noparam.py results in {&apos;skipped&apos;: 0, &apos;failed&apos;: 0, &apos;passed&apos;: 5}
============================= test session starts ==============================
platform linux -- Python 3.5.6, pytest-2.9.2, py-1.8.1, pluggy-0.3.1
rootdir: /tmp/pytest-of-travis/pytest-0/testdir/test_run_all_tests8, inifile: 
plugins: logging-2015.11.4, html-1.9.0, harvest-1.8.1.dev6+g3cdf03d
collected 5 items

test_run_all_tests.py .....

=========================== 5 passed in 0.01 seconds ===========================
</system-out></testcase><testcase classname="pytest_harvest.tests.test_all_raw_with_meta_check" file="pytest_harvest/tests/test_all_raw_with_meta_check.py" line="21" name="test_run_all_tests[test_get_session_results.py]" time="0.08346271514892578"><system-out>
Testing that running pytest on file test_get_session_results.py results in {&apos;skipped&apos;: 1, &apos;failed&apos;: 1, &apos;passed&apos;: 16}
============================= test session starts ==============================
platform linux -- Python 3.5.6, pytest-2.9.2, py-1.8.1, pluggy-0.3.1
rootdir: /tmp/pytest-of-travis/pytest-0/testdir/test_run_all_tests9, inifile: 
plugins: logging-2015.11.4, html-1.9.0, harvest-1.8.1.dev6+g3cdf03d
collected 18 items

test_run_all_tests.py ........sF........

=================================== FAILURES ===================================
_________________________________ test_failing _________________________________

    def test_failing():
&gt;       pytest.fail(&quot;normal, intended failure here&quot;)
E       Failed: normal, intended failure here

test_run_all_tests.py:116: Failed
================ 1 failed, 16 passed, 1 skipped in 0.06 seconds ================
</system-out></testcase><testcase classname="pytest_harvest.tests.test_all_raw_with_meta_check" file="pytest_harvest/tests/test_all_raw_with_meta_check.py" line="21" name="test_run_all_tests[test_saved_fixture_module_params.py]" time="0.044175148010253906"><system-out>
Testing that running pytest on file test_saved_fixture_module_params.py results in {&apos;failed&apos;: 0, &apos;passed&apos;: 7}
============================= test session starts ==============================
platform linux -- Python 3.5.6, pytest-2.9.2, py-1.8.1, pluggy-0.3.1
rootdir: /tmp/pytest-of-travis/pytest-0/testdir/test_run_all_tests10, inifile: 
plugins: logging-2015.11.4, html-1.9.0, harvest-1.8.1.dev6+g3cdf03d
collected 7 items

test_run_all_tests.py .......

=========================== 7 passed in 0.02 seconds ===========================
</system-out></testcase><testcase classname="pytest_harvest.tests.test_doc_basic_dct" file="pytest_harvest/tests/test_doc_basic_dct.py" line="5" name="test_foo[world]" time="0.5015420913696289"><system-out>
   hello, world !
</system-out></testcase><testcase classname="pytest_harvest.tests.test_doc_basic_dct" file="pytest_harvest/tests/test_doc_basic_dct.py" line="5" name="test_foo[self]" time="0.40166711807250977"><system-out>
   hello, self !
</system-out></testcase><testcase classname="pytest_harvest.tests.test_doc_basic_dct" file="pytest_harvest/tests/test_doc_basic_dct.py" line="14" name="test_synthesis" time="0.0014846324920654297"><system-out>
   Available `module_results_dct` keys:
    - test_foo[world]
    - test_foo[self]

   Contents of &apos;test_foo[world]&apos;:
    - &apos;pytest_obj&apos;: &lt;function test_foo at 0x7ffaa5099d90&gt;
    - &apos;status&apos;: passed
    - &apos;duration_ms&apos;: 500.8838176727295
    - &apos;status_details&apos;:
      - &apos;call&apos;: (&apos;passed&apos;, 500.8838176727295)
      - &apos;setup&apos;: (&apos;passed&apos;, 0.4115104675292969)
      - &apos;teardown&apos;: (&apos;passed&apos;, 0.2467632293701172)
    - &apos;params&apos;: OrderedDict([(&apos;p&apos;, &apos;world&apos;)])
    - &apos;fixtures&apos;: OrderedDict()
</system-out></testcase><testcase classname="pytest_harvest.tests.test_doc_basic_df" file="pytest_harvest/tests/test_doc_basic_df.py" line="5" name="test_foo[world]" time="0.5014853477478027"><system-out>
   hello, world !
</system-out></testcase><testcase classname="pytest_harvest.tests.test_doc_basic_df" file="pytest_harvest/tests/test_doc_basic_df.py" line="5" name="test_foo[self]" time="0.4014883041381836"><system-out>
   hello, self !
</system-out></testcase><testcase classname="pytest_harvest.tests.test_doc_basic_df" file="pytest_harvest/tests/test_doc_basic_df.py" line="14" name="test_synthesis" time="0.013956785202026367"><system-out>
   `module_results_df` dataframe:

                                            pytest_obj  ...        p
test_id                                                 ...         
test_foo[world]  &lt;function test_foo at 0x7ffaa4fe4158&gt;  ...    world
test_foo[self]   &lt;function test_foo at 0x7ffaa4fe4158&gt;  ...     self

[2 rows x 4 columns]
</system-out></testcase><testcase classname="pytest_harvest.tests.test_doc_basic_df_all" file="pytest_harvest/tests/test_doc_basic_df_all.py" line="21" name="test_foo[0-False]" time="0.5032663345336914"><system-out>
   hello, world !
</system-out></testcase><testcase classname="pytest_harvest.tests.test_doc_basic_df_all" file="pytest_harvest/tests/test_doc_basic_df_all.py" line="21" name="test_foo[0-True]" time="1.0036027431488037"><system-out>
   hello, world !
</system-out></testcase><testcase classname="pytest_harvest.tests.test_doc_basic_df_all" file="pytest_harvest/tests/test_doc_basic_df_all.py" line="21" name="test_foo[1-False]" time="0.40326428413391113"><system-out>
   hello, self !
</system-out></testcase><testcase classname="pytest_harvest.tests.test_doc_basic_df_all" file="pytest_harvest/tests/test_doc_basic_df_all.py" line="21" name="test_foo[1-True]" time="0.8033714294433594"><system-out>
   hello, self !
</system-out></testcase><testcase classname="pytest_harvest.tests.test_doc_basic_df_all" file="pytest_harvest/tests/test_doc_basic_df_all.py" line="34" name="test_synthesis" time="0.006936073303222656"><system-out>
   `module_results_df` dataframe:

| test_id           | pytest_obj                            | status   |   duration_ms | double_sleep_time   |   person_param | person   |   nb_letters | current_time               |
|:------------------|:--------------------------------------|:---------|--------------:|:--------------------|---------------:|:---------|-------------:|:---------------------------|
| test_foo[0-False] | &lt;function test_foo at 0x7ffaa4fa0378&gt; | passed   |       501.166 | False               |              0 | world    |            5 | 2020-02-19T20:55:19.286920 |
| test_foo[0-True]  | &lt;function test_foo at 0x7ffaa4fa0378&gt; | passed   |      1001.42  | True                |              0 | world    |            5 | 2020-02-19T20:55:20.292067 |
| test_foo[1-False] | &lt;function test_foo at 0x7ffaa4fa0378&gt; | passed   |       400.859 | False               |              1 | self     |            4 | 2020-02-19T20:55:20.696757 |
| test_foo[1-True]  | &lt;function test_foo at 0x7ffaa4fa0378&gt; | passed   |       801.193 | True                |              1 | self     |            4 | 2020-02-19T20:55:21.501613 |
</system-out></testcase><testcase classname="pytest_harvest.tests.test_doc_basic_results_bag" file="pytest_harvest/tests/test_doc_basic_results_bag.py" line="5" name="test_foo[world]" time="0.002011537551879883"><system-out>
   hello, world !
</system-out></testcase><testcase classname="pytest_harvest.tests.test_doc_basic_results_bag" file="pytest_harvest/tests/test_doc_basic_results_bag.py" line="5" name="test_foo[self]" time="0.002096414566040039"><system-out>
   hello, self !
</system-out></testcase><testcase classname="pytest_harvest.tests.test_doc_basic_results_bag" file="pytest_harvest/tests/test_doc_basic_results_bag.py" line="17" name="test_synthesis" time="0.0009701251983642578"><system-out>
   Available `fixture_store` keys:
    - &apos;dummy&apos;
    - &apos;my_fix&apos;
    - &apos;my_fix2&apos;
    - &apos;person&apos;
    - &apos;results_bag&apos;

   Contents of `fixture_store[&apos;results_bag&apos;]`:
    - &apos;pytest_harvest/tests/test_doc_basic_df_all.py::test_foo[0-False]&apos;:
      - &apos;nb_letters&apos;: 5
      - &apos;current_time&apos;: 2020-02-19T20:55:19.286920
    - &apos;pytest_harvest/tests/test_doc_basic_df_all.py::test_foo[0-True]&apos;:
      - &apos;nb_letters&apos;: 5
      - &apos;current_time&apos;: 2020-02-19T20:55:20.292067
    - &apos;pytest_harvest/tests/test_doc_basic_df_all.py::test_foo[1-False]&apos;:
      - &apos;nb_letters&apos;: 4
      - &apos;current_time&apos;: 2020-02-19T20:55:20.696757
    - &apos;pytest_harvest/tests/test_doc_basic_df_all.py::test_foo[1-True]&apos;:
      - &apos;nb_letters&apos;: 4
      - &apos;current_time&apos;: 2020-02-19T20:55:21.501613
    - &apos;pytest_harvest/tests/test_doc_basic_results_bag.py::test_foo[world]&apos;:
      - &apos;nb_letters&apos;: 5
      - &apos;current_time&apos;: 2020-02-19T20:55:21.513689
    - &apos;pytest_harvest/tests/test_doc_basic_results_bag.py::test_foo[self]&apos;:
      - &apos;nb_letters&apos;: 4
      - &apos;current_time&apos;: 2020-02-19T20:55:21.517120
</system-out></testcase><testcase classname="pytest_harvest.tests.test_doc_basic_saved_fixture" file="pytest_harvest/tests/test_doc_basic_saved_fixture.py" line="17" name="test_foo[0]" time="0.003023862838745117"><system-out>
   hello, world !
</system-out></testcase><testcase classname="pytest_harvest.tests.test_doc_basic_saved_fixture" file="pytest_harvest/tests/test_doc_basic_saved_fixture.py" line="17" name="test_foo[1]" time="0.0022797584533691406"><system-out>
   hello, self !
</system-out></testcase><testcase classname="pytest_harvest.tests.test_doc_basic_saved_fixture" file="pytest_harvest/tests/test_doc_basic_saved_fixture.py" line="24" name="test_synthesis" time="0.0008985996246337891"><system-out>
   Available `fixture_store` keys:
    - &apos;dummy&apos;
    - &apos;my_fix&apos;
    - &apos;my_fix2&apos;
    - &apos;person&apos;
    - &apos;results_bag&apos;

   Contents of `fixture_store[&apos;person&apos;]`:
    - &apos;pytest_harvest/tests/test_doc_basic_df_all.py::test_foo[0-False]&apos;: world
    - &apos;pytest_harvest/tests/test_doc_basic_df_all.py::test_foo[0-True]&apos;: world
    - &apos;pytest_harvest/tests/test_doc_basic_df_all.py::test_foo[1-False]&apos;: self
    - &apos;pytest_harvest/tests/test_doc_basic_df_all.py::test_foo[1-True]&apos;: self
    - &apos;pytest_harvest/tests/test_doc_basic_saved_fixture.py::test_foo[0]&apos;: world
    - &apos;pytest_harvest/tests/test_doc_basic_saved_fixture.py::test_foo[1]&apos;: self
</system-out></testcase><testcase classname="pytest_harvest.tests.test_doc_basic_saved_fixture_views" file="pytest_harvest/tests/test_doc_basic_saved_fixture_views.py" line="17" name="test_foo[0]" time="0.0021305084228515625"><system-out>
   hello, world !
</system-out></testcase><testcase classname="pytest_harvest.tests.test_doc_basic_saved_fixture_views" file="pytest_harvest/tests/test_doc_basic_saved_fixture_views.py" line="17" name="test_foo[1]" time="0.0028073787689208984"><system-out>
   hello, self !
</system-out></testcase><testcase classname="pytest_harvest.tests.test_doc_basic_saved_fixture_views" file="pytest_harvest/tests/test_doc_basic_saved_fixture_views.py" line="24" name="test_synthesis" time="0.0008263587951660156"><system-out>
   Available `fixture_store` keys:
    - &apos;dummy&apos;
    - &apos;my_fix&apos;
    - &apos;my_fix2&apos;
    - &apos;person&apos;
    - &apos;results_bag&apos;
    - &apos;other_person_last&apos;
    - &apos;other_person_initial&apos;
</system-out></testcase><testcase classname="pytest_harvest.tests.test_doc_example" file="pytest_harvest/tests/test_doc_example.py" line="22" name="test_my_app_bench[A-1]" time="0.002938508987426758"></testcase><testcase classname="pytest_harvest.tests.test_doc_example" file="pytest_harvest/tests/test_doc_example.py" line="22" name="test_my_app_bench[A-2]" time="0.0026819705963134766"></testcase><testcase classname="pytest_harvest.tests.test_doc_example" file="pytest_harvest/tests/test_doc_example.py" line="22" name="test_my_app_bench[B-1]" time="0.0025985240936279297"></testcase><testcase classname="pytest_harvest.tests.test_doc_example" file="pytest_harvest/tests/test_doc_example.py" line="22" name="test_my_app_bench[B-2]" time="0.003168344497680664"></testcase><testcase classname="pytest_harvest.tests.test_doc_example" file="pytest_harvest/tests/test_doc_example.py" line="22" name="test_my_app_bench[C-1]" time="0.0025687217712402344"></testcase><testcase classname="pytest_harvest.tests.test_doc_example" file="pytest_harvest/tests/test_doc_example.py" line="22" name="test_my_app_bench[C-2]" time="0.0028145313262939453"></testcase><testcase classname="pytest_harvest.tests.test_doc_example" file="pytest_harvest/tests/test_doc_example.py" line="36" name="test_basic" time="0.0005643367767333984"></testcase><testcase classname="pytest_harvest.tests.test_doc_example" file="pytest_harvest/tests/test_doc_example.py" line="42" name="test_synthesis" time="0.008703231811523438"><system-out>test_id                 pytest_obj                                      status      duration_ms    algo_param  dataset_param       accuracy  dataset
----------------------  ----------------------------------------------  --------  -------------  ------------  ---------------  -----------  -------------
test_my_app_bench[A-1]  &lt;function test_my_app_bench at 0x7ffaa4fbd158&gt;  passed         0.165462             1  A                  0.878772   my dataset #A
test_my_app_bench[A-2]  &lt;function test_my_app_bench at 0x7ffaa4fbd158&gt;  passed         0.157356             2  A                  0.0363519  my dataset #A
test_my_app_bench[B-1]  &lt;function test_my_app_bench at 0x7ffaa4fbd158&gt;  passed         0.146866             1  B                  0.423376   my dataset #B
test_my_app_bench[B-2]  &lt;function test_my_app_bench at 0x7ffaa4fbd158&gt;  passed         0.168324             2  B                  0.198132   my dataset #B
test_my_app_bench[C-1]  &lt;function test_my_app_bench at 0x7ffaa4fbd158&gt;  passed         0.14019              1  C                  0.371578   my dataset #C
test_my_app_bench[C-2]  &lt;function test_my_app_bench at 0x7ffaa4fbd158&gt;  passed         0.193834             2  C                  0.237032   my dataset #C
test_basic              &lt;function test_basic at 0x7ffaa4fbd2f0&gt;         passed         0.132799           nan  nan              nan          nan
</system-out></testcase><testcase classname="pytest_harvest.tests.test_doc_example_custom" file="pytest_harvest/tests/test_doc_example_custom.py" line="34" name="test_my_app_bench[A-1]" time="0.002989053726196289"></testcase><testcase classname="pytest_harvest.tests.test_doc_example_custom" file="pytest_harvest/tests/test_doc_example_custom.py" line="34" name="test_my_app_bench[A-2]" time="0.0040776729583740234"></testcase><testcase classname="pytest_harvest.tests.test_doc_example_custom" file="pytest_harvest/tests/test_doc_example_custom.py" line="34" name="test_my_app_bench[B-1]" time="0.0053479671478271484"></testcase><testcase classname="pytest_harvest.tests.test_doc_example_custom" file="pytest_harvest/tests/test_doc_example_custom.py" line="34" name="test_my_app_bench[B-2]" time="0.0031943321228027344"></testcase><testcase classname="pytest_harvest.tests.test_doc_example_custom" file="pytest_harvest/tests/test_doc_example_custom.py" line="34" name="test_my_app_bench[C-1]" time="0.0034284591674804688"></testcase><testcase classname="pytest_harvest.tests.test_doc_example_custom" file="pytest_harvest/tests/test_doc_example_custom.py" line="34" name="test_my_app_bench[C-2]" time="0.003082275390625"></testcase><testcase classname="pytest_harvest.tests.test_doc_example_custom" file="pytest_harvest/tests/test_doc_example_custom.py" line="48" name="test_basic" time="0.0009281635284423828"></testcase><testcase classname="pytest_harvest.tests.test_doc_example_custom" file="pytest_harvest/tests/test_doc_example_custom.py" line="54" name="test_synthesis" time="0.008968114852905273"><system-out>
Keys:
test_my_app_bench[A-1]
test_my_app_bench[A-2]
test_my_app_bench[B-1]
test_my_app_bench[B-2]
test_my_app_bench[C-1]
test_my_app_bench[C-2]
test_basic

First node:
&apos;pytest_obj&apos;: &lt;function test_my_app_bench at 0x7ffaa4fa0e18&gt;
&apos;status&apos;: &apos;passed&apos;
&apos;duration_ms&apos;: 0.16021728515625
&apos;algo_param&apos;: 1
&apos;dataset_param&apos;: &apos;A&apos;
&apos;dataset&apos;: &apos;my dataset #A&apos;
&apos;accuracy&apos;: 0.8237003905791218
test_id                 status      duration_ms    algo_param  dataset_param    dataset          accuracy
----------------------  --------  -------------  ------------  ---------------  -------------  ----------
test_my_app_bench[A-1]  passed         0.160217             1  A                my dataset #A    0.8237
test_my_app_bench[A-2]  passed         0.145197             2  A                my dataset #A    0.549454
test_my_app_bench[B-1]  passed         0.188112             1  B                my dataset #B    0.379815
test_my_app_bench[B-2]  passed         0.571728             2  B                my dataset #B    0.154165
test_my_app_bench[C-1]  passed         0.178337             1  C                my dataset #C    0.181547
test_my_app_bench[C-2]  passed         0.146866             2  C                my dataset #C    0.277564
test_basic              passed         0.152826           nan  nan              nan            nan
</system-out></testcase><testcase classname="pytest_harvest.tests.test_results_bag_basic" file="pytest_harvest/tests/test_results_bag_basic.py" line="3" name="test_results_bag_basic" time="0.0008516311645507812"></testcase><testcase classname="pytest_harvest.tests.test_unicode_literals" file="pytest_harvest/tests/test_unicode_literals.py" line="4" name="test_filterset" time="0.0009508132934570312"></testcase></testsuite>