<?xml version="1.0" encoding="utf-8"?><testsuite errors="0" failures="0" name="pytest" skips="0" tests="49" time="5.752"><testcase classname="pytest_harvest.tests.test_all_raw_with_meta_check" file="pytest_harvest/tests/test_all_raw_with_meta_check.py" line="21" name="test_run_all_tests[test_results_bags.py]" time="0.05963420867919922"><system-out>
Testing that running pytest on file test_results_bags.py results in {&apos;skipped&apos;: 0, &apos;passed&apos;: 6, &apos;failed&apos;: 0}
============================= test session starts ==============================
platform linux -- Python 3.5.6, pytest-2.9.2, py-1.8.0, pluggy-0.3.1
rootdir: /tmp/pytest-of-travis/pytest-0/testdir/test_run_all_tests0, inifile: 
plugins: logging-2015.11.4, html-1.9.0, harvest-1.7.4
collected 6 items

test_run_all_tests.py ......

=========================== 6 passed in 0.03 seconds ===========================
</system-out></testcase><testcase classname="pytest_harvest.tests.test_all_raw_with_meta_check" file="pytest_harvest/tests/test_all_raw_with_meta_check.py" line="21" name="test_run_all_tests[test_saved_fixture_in_global_var.py]" time="0.04201865196228027"><system-out>
Testing that running pytest on file test_saved_fixture_in_global_var.py results in {&apos;passed&apos;: 2, &apos;failed&apos;: 0}
============================= test session starts ==============================
platform linux -- Python 3.5.6, pytest-2.9.2, py-1.8.0, pluggy-0.3.1
rootdir: /tmp/pytest-of-travis/pytest-0/testdir/test_run_all_tests1, inifile: 
plugins: logging-2015.11.4, html-1.9.0, harvest-1.7.4
collected 2 items

test_run_all_tests.py ..

=========================== 2 passed in 0.02 seconds ===========================
</system-out></testcase><testcase classname="pytest_harvest.tests.test_all_raw_with_meta_check" file="pytest_harvest/tests/test_all_raw_with_meta_check.py" line="21" name="test_run_all_tests[test_all_together.py]" time="0.06420183181762695"><system-out>
Testing that running pytest on file test_all_together.py results in {&apos;skipped&apos;: 0, &apos;passed&apos;: 9, &apos;failed&apos;: 0}
============================= test session starts ==============================
platform linux -- Python 3.5.6, pytest-2.9.2, py-1.8.0, pluggy-0.3.1
rootdir: /tmp/pytest-of-travis/pytest-0/testdir/test_run_all_tests2, inifile: 
plugins: logging-2015.11.4, html-1.9.0, harvest-1.7.4
collected 9 items

test_run_all_tests.py .........

=========================== 9 passed in 0.04 seconds ===========================
</system-out></testcase><testcase classname="pytest_harvest.tests.test_all_raw_with_meta_check" file="pytest_harvest/tests/test_all_raw_with_meta_check.py" line="21" name="test_run_all_tests[test_saved_fixture_session.py]" time="0.041661977767944336"><system-out>
Testing that running pytest on file test_saved_fixture_session.py results in {&apos;passed&apos;: 2, &apos;failed&apos;: 0}
============================= test session starts ==============================
platform linux -- Python 3.5.6, pytest-2.9.2, py-1.8.0, pluggy-0.3.1
rootdir: /tmp/pytest-of-travis/pytest-0/testdir/test_run_all_tests3, inifile: 
plugins: logging-2015.11.4, html-1.9.0, harvest-1.7.4
collected 2 items

test_run_all_tests.py ..

=========================== 2 passed in 0.01 seconds ===========================
</system-out></testcase><testcase classname="pytest_harvest.tests.test_all_raw_with_meta_check" file="pytest_harvest/tests/test_all_raw_with_meta_check.py" line="21" name="test_run_all_tests[test_saved_fixture_in_fixture.py]" time="0.041863441467285156"><system-out>
Testing that running pytest on file test_saved_fixture_in_fixture.py results in {&apos;passed&apos;: 2, &apos;failed&apos;: 0}
============================= test session starts ==============================
platform linux -- Python 3.5.6, pytest-2.9.2, py-1.8.0, pluggy-0.3.1
rootdir: /tmp/pytest-of-travis/pytest-0/testdir/test_run_all_tests4, inifile: 
plugins: logging-2015.11.4, html-1.9.0, harvest-1.7.4
collected 2 items

test_run_all_tests.py ..

=========================== 2 passed in 0.02 seconds ===========================
</system-out></testcase><testcase classname="pytest_harvest.tests.test_all_raw_with_meta_check" file="pytest_harvest/tests/test_all_raw_with_meta_check.py" line="21" name="test_run_all_tests[test_default_fixtures.py]" time="0.05547642707824707"><system-out>
Testing that running pytest on file test_default_fixtures.py results in {&apos;skipped&apos;: 0, &apos;passed&apos;: 8, &apos;failed&apos;: 0}
============================= test session starts ==============================
platform linux -- Python 3.5.6, pytest-2.9.2, py-1.8.0, pluggy-0.3.1
rootdir: /tmp/pytest-of-travis/pytest-0/testdir/test_run_all_tests5, inifile: 
plugins: logging-2015.11.4, html-1.9.0, harvest-1.7.4
collected 8 items

test_run_all_tests.py ........

=========================== 8 passed in 0.03 seconds ===========================
</system-out></testcase><testcase classname="pytest_harvest.tests.test_all_raw_with_meta_check" file="pytest_harvest/tests/test_all_raw_with_meta_check.py" line="21" name="test_run_all_tests[test_saved_fixture_basic.py]" time="0.03648567199707031"><system-out>
Testing that running pytest on file test_saved_fixture_basic.py results in {&apos;skipped&apos;: 0, &apos;passed&apos;: 2, &apos;failed&apos;: 0}
============================= test session starts ==============================
platform linux -- Python 3.5.6, pytest-2.9.2, py-1.8.0, pluggy-0.3.1
rootdir: /tmp/pytest-of-travis/pytest-0/testdir/test_run_all_tests6, inifile: 
plugins: logging-2015.11.4, html-1.9.0, harvest-1.7.4
collected 2 items

test_run_all_tests.py ..

=========================== 2 passed in 0.01 seconds ===========================
</system-out></testcase><testcase classname="pytest_harvest.tests.test_all_raw_with_meta_check" file="pytest_harvest/tests/test_all_raw_with_meta_check.py" line="21" name="test_run_all_tests[test_saved_fixture_session_module.py]" time="0.04347729682922363"><system-out>
Testing that running pytest on file test_saved_fixture_session_module.py results in {&apos;passed&apos;: 3, &apos;failed&apos;: 0}
============================= test session starts ==============================
platform linux -- Python 3.5.6, pytest-2.9.2, py-1.8.0, pluggy-0.3.1
rootdir: /tmp/pytest-of-travis/pytest-0/testdir/test_run_all_tests7, inifile: 
plugins: logging-2015.11.4, html-1.9.0, harvest-1.7.4
collected 3 items

test_run_all_tests.py ...

=========================== 3 passed in 0.02 seconds ===========================
</system-out></testcase><testcase classname="pytest_harvest.tests.test_all_raw_with_meta_check" file="pytest_harvest/tests/test_all_raw_with_meta_check.py" line="21" name="test_run_all_tests[test_get_session_results_indirect_and_noparam.py]" time="0.0738534927368164"><system-out>
Testing that running pytest on file test_get_session_results_indirect_and_noparam.py results in {&apos;skipped&apos;: 0, &apos;passed&apos;: 5, &apos;failed&apos;: 0}
============================= test session starts ==============================
platform linux -- Python 3.5.6, pytest-2.9.2, py-1.8.0, pluggy-0.3.1
rootdir: /tmp/pytest-of-travis/pytest-0/testdir/test_run_all_tests8, inifile: 
plugins: logging-2015.11.4, html-1.9.0, harvest-1.7.4
collected 5 items

test_run_all_tests.py .....

=========================== 5 passed in 0.01 seconds ===========================
</system-out></testcase><testcase classname="pytest_harvest.tests.test_all_raw_with_meta_check" file="pytest_harvest/tests/test_all_raw_with_meta_check.py" line="21" name="test_run_all_tests[test_get_session_results.py]" time="0.11852192878723145"><system-out>
Testing that running pytest on file test_get_session_results.py results in {&apos;skipped&apos;: 1, &apos;passed&apos;: 16, &apos;failed&apos;: 1}
============================= test session starts ==============================
platform linux -- Python 3.5.6, pytest-2.9.2, py-1.8.0, pluggy-0.3.1
rootdir: /tmp/pytest-of-travis/pytest-0/testdir/test_run_all_tests9, inifile: 
plugins: logging-2015.11.4, html-1.9.0, harvest-1.7.4
collected 18 items

test_run_all_tests.py ........sF........

=================================== FAILURES ===================================
_________________________________ test_failing _________________________________

    def test_failing():
&gt;       pytest.fail(&quot;normal, intended failure here&quot;)
E       Failed: normal, intended failure here

test_run_all_tests.py:116: Failed
================ 1 failed, 16 passed, 1 skipped in 0.09 seconds ================
</system-out></testcase><testcase classname="pytest_harvest.tests.test_all_raw_with_meta_check" file="pytest_harvest/tests/test_all_raw_with_meta_check.py" line="21" name="test_run_all_tests[test_saved_fixture_module_params.py]" time="0.04900836944580078"><system-out>
Testing that running pytest on file test_saved_fixture_module_params.py results in {&apos;passed&apos;: 7, &apos;failed&apos;: 0}
============================= test session starts ==============================
platform linux -- Python 3.5.6, pytest-2.9.2, py-1.8.0, pluggy-0.3.1
rootdir: /tmp/pytest-of-travis/pytest-0/testdir/test_run_all_tests10, inifile: 
plugins: logging-2015.11.4, html-1.9.0, harvest-1.7.4
collected 7 items

test_run_all_tests.py .......

=========================== 7 passed in 0.02 seconds ===========================
</system-out></testcase><testcase classname="pytest_harvest.tests.test_doc_basic_dct" file="pytest_harvest/tests/test_doc_basic_dct.py" line="5" name="test_foo[world]" time="0.5018417835235596"><system-out>
   hello, world !
</system-out></testcase><testcase classname="pytest_harvest.tests.test_doc_basic_dct" file="pytest_harvest/tests/test_doc_basic_dct.py" line="5" name="test_foo[self]" time="0.4016990661621094"><system-out>
   hello, self !
</system-out></testcase><testcase classname="pytest_harvest.tests.test_doc_basic_dct" file="pytest_harvest/tests/test_doc_basic_dct.py" line="14" name="test_synthesis" time="0.0019071102142333984"><system-out>
   Available `module_results_dct` keys:
    - test_foo[world]
    - test_foo[self]

   Contents of &apos;test_foo[world]&apos;:
    - &apos;pytest_obj&apos;: &lt;function test_foo at 0x7f4e864636a8&gt;
    - &apos;status&apos;: passed
    - &apos;duration_ms&apos;: 501.16586685180664
    - &apos;status_details&apos;:
      - &apos;call&apos;: (&apos;passed&apos;, 501.16586685180664)
      - &apos;setup&apos;: (&apos;passed&apos;, 0.4589557647705078)
      - &apos;teardown&apos;: (&apos;passed&apos;, 0.21696090698242188)
    - &apos;params&apos;: OrderedDict([(&apos;p&apos;, &apos;world&apos;)])
    - &apos;fixtures&apos;: OrderedDict()
</system-out></testcase><testcase classname="pytest_harvest.tests.test_doc_basic_df" file="pytest_harvest/tests/test_doc_basic_df.py" line="5" name="test_foo[world]" time="0.5017669200897217"><system-out>
   hello, world !
</system-out></testcase><testcase classname="pytest_harvest.tests.test_doc_basic_df" file="pytest_harvest/tests/test_doc_basic_df.py" line="5" name="test_foo[self]" time="0.4023609161376953"><system-out>
   hello, self !
</system-out></testcase><testcase classname="pytest_harvest.tests.test_doc_basic_df" file="pytest_harvest/tests/test_doc_basic_df.py" line="14" name="test_synthesis" time="0.01621842384338379"><system-out>
   `module_results_df` dataframe:

                                            pytest_obj  ...        p
test_id                                                 ...         
test_foo[world]  &lt;function test_foo at 0x7f4e864886a8&gt;  ...    world
test_foo[self]   &lt;function test_foo at 0x7f4e864886a8&gt;  ...     self

[2 rows x 4 columns]
</system-out></testcase><testcase classname="pytest_harvest.tests.test_doc_basic_df_all" file="pytest_harvest/tests/test_doc_basic_df_all.py" line="21" name="test_foo[0-False]" time="0.5047614574432373"><system-out>
   hello, world !
</system-out></testcase><testcase classname="pytest_harvest.tests.test_doc_basic_df_all" file="pytest_harvest/tests/test_doc_basic_df_all.py" line="21" name="test_foo[0-True]" time="1.0049018859863281"><system-out>
   hello, world !
</system-out></testcase><testcase classname="pytest_harvest.tests.test_doc_basic_df_all" file="pytest_harvest/tests/test_doc_basic_df_all.py" line="21" name="test_foo[1-False]" time="0.40343141555786133"><system-out>
   hello, self !
</system-out></testcase><testcase classname="pytest_harvest.tests.test_doc_basic_df_all" file="pytest_harvest/tests/test_doc_basic_df_all.py" line="21" name="test_foo[1-True]" time="0.8040056228637695"><system-out>
   hello, self !
</system-out></testcase><testcase classname="pytest_harvest.tests.test_doc_basic_df_all" file="pytest_harvest/tests/test_doc_basic_df_all.py" line="34" name="test_synthesis" time="0.006413698196411133"><system-out>
   `module_results_df` dataframe:

| test_id           | pytest_obj                            | status   |   duration_ms | double_sleep_time   |   person_param | person   | current_time               |   nb_letters |
|:------------------|:--------------------------------------|:---------|--------------:|:--------------------|---------------:|:---------|:---------------------------|-------------:|
| test_foo[0-False] | &lt;function test_foo at 0x7f4e864438c8&gt; | passed   |       501.038 | False               |              0 | world    | 2019-11-18T10:46:17.401037 |            5 |
| test_foo[0-True]  | &lt;function test_foo at 0x7f4e864438c8&gt; | passed   |      1001.51  | True                |              0 | world    | 2019-11-18T10:46:18.407922 |            5 |
| test_foo[1-False] | &lt;function test_foo at 0x7f4e864438c8&gt; | passed   |       400.882 | False               |              1 | self     | 2019-11-18T10:46:18.813120 |            4 |
| test_foo[1-True]  | &lt;function test_foo at 0x7f4e864438c8&gt; | passed   |       801.328 | True                |              1 | self     | 2019-11-18T10:46:19.618831 |            4 |
</system-out></testcase><testcase classname="pytest_harvest.tests.test_doc_basic_results_bag" file="pytest_harvest/tests/test_doc_basic_results_bag.py" line="5" name="test_foo[world]" time="0.00209808349609375"><system-out>
   hello, world !
</system-out></testcase><testcase classname="pytest_harvest.tests.test_doc_basic_results_bag" file="pytest_harvest/tests/test_doc_basic_results_bag.py" line="5" name="test_foo[self]" time="0.0019168853759765625"><system-out>
   hello, self !
</system-out></testcase><testcase classname="pytest_harvest.tests.test_doc_basic_results_bag" file="pytest_harvest/tests/test_doc_basic_results_bag.py" line="17" name="test_synthesis" time="0.0010712146759033203"><system-out>
   Available `fixture_store` keys:
    - &apos;person&apos;
    - &apos;results_bag&apos;

   Contents of `fixture_store[&apos;results_bag&apos;]`:
    - &apos;pytest_harvest/tests/test_doc_basic_df_all.py::test_foo[0-False]&apos;:
      - &apos;current_time&apos;: 2019-11-18T10:46:17.401037
      - &apos;nb_letters&apos;: 5
    - &apos;pytest_harvest/tests/test_doc_basic_df_all.py::test_foo[0-True]&apos;:
      - &apos;current_time&apos;: 2019-11-18T10:46:18.407922
      - &apos;nb_letters&apos;: 5
    - &apos;pytest_harvest/tests/test_doc_basic_df_all.py::test_foo[1-False]&apos;:
      - &apos;current_time&apos;: 2019-11-18T10:46:18.813120
      - &apos;nb_letters&apos;: 4
    - &apos;pytest_harvest/tests/test_doc_basic_df_all.py::test_foo[1-True]&apos;:
      - &apos;current_time&apos;: 2019-11-18T10:46:19.618831
      - &apos;nb_letters&apos;: 4
    - &apos;pytest_harvest/tests/test_doc_basic_results_bag.py::test_foo[world]&apos;:
      - &apos;current_time&apos;: 2019-11-18T10:46:19.630861
      - &apos;nb_letters&apos;: 5
    - &apos;pytest_harvest/tests/test_doc_basic_results_bag.py::test_foo[self]&apos;:
      - &apos;current_time&apos;: 2019-11-18T10:46:19.634024
      - &apos;nb_letters&apos;: 4
</system-out></testcase><testcase classname="pytest_harvest.tests.test_doc_basic_saved_fixture" file="pytest_harvest/tests/test_doc_basic_saved_fixture.py" line="17" name="test_foo[0]" time="0.0016977787017822266"><system-out>
   hello, world !
</system-out></testcase><testcase classname="pytest_harvest.tests.test_doc_basic_saved_fixture" file="pytest_harvest/tests/test_doc_basic_saved_fixture.py" line="17" name="test_foo[1]" time="0.0015604496002197266"><system-out>
   hello, self !
</system-out></testcase><testcase classname="pytest_harvest.tests.test_doc_basic_saved_fixture" file="pytest_harvest/tests/test_doc_basic_saved_fixture.py" line="24" name="test_synthesis" time="0.000896453857421875"><system-out>
   Available `fixture_store` keys:
    - &apos;person&apos;
    - &apos;results_bag&apos;

   Contents of `fixture_store[&apos;person&apos;]`:
    - &apos;pytest_harvest/tests/test_doc_basic_df_all.py::test_foo[0-False]&apos;: world
    - &apos;pytest_harvest/tests/test_doc_basic_df_all.py::test_foo[0-True]&apos;: world
    - &apos;pytest_harvest/tests/test_doc_basic_df_all.py::test_foo[1-False]&apos;: self
    - &apos;pytest_harvest/tests/test_doc_basic_df_all.py::test_foo[1-True]&apos;: self
    - &apos;pytest_harvest/tests/test_doc_basic_saved_fixture.py::test_foo[0]&apos;: world
    - &apos;pytest_harvest/tests/test_doc_basic_saved_fixture.py::test_foo[1]&apos;: self
</system-out></testcase><testcase classname="pytest_harvest.tests.test_doc_basic_saved_fixture_views" file="pytest_harvest/tests/test_doc_basic_saved_fixture_views.py" line="17" name="test_foo[0]" time="0.002049684524536133"><system-out>
   hello, world !
</system-out></testcase><testcase classname="pytest_harvest.tests.test_doc_basic_saved_fixture_views" file="pytest_harvest/tests/test_doc_basic_saved_fixture_views.py" line="17" name="test_foo[1]" time="0.0029931068420410156"><system-out>
   hello, self !
</system-out></testcase><testcase classname="pytest_harvest.tests.test_doc_basic_saved_fixture_views" file="pytest_harvest/tests/test_doc_basic_saved_fixture_views.py" line="24" name="test_synthesis" time="0.0013637542724609375"><system-out>
   Available `fixture_store` keys:
    - &apos;person&apos;
    - &apos;results_bag&apos;
    - &apos;other_person_initial&apos;
    - &apos;other_person_last&apos;
</system-out></testcase><testcase classname="pytest_harvest.tests.test_doc_example" file="pytest_harvest/tests/test_doc_example.py" line="22" name="test_my_app_bench[A-1]" time="0.003355741500854492"></testcase><testcase classname="pytest_harvest.tests.test_doc_example" file="pytest_harvest/tests/test_doc_example.py" line="22" name="test_my_app_bench[A-2]" time="0.0024056434631347656"></testcase><testcase classname="pytest_harvest.tests.test_doc_example" file="pytest_harvest/tests/test_doc_example.py" line="22" name="test_my_app_bench[B-1]" time="0.0023543834686279297"></testcase><testcase classname="pytest_harvest.tests.test_doc_example" file="pytest_harvest/tests/test_doc_example.py" line="22" name="test_my_app_bench[B-2]" time="0.002300262451171875"></testcase><testcase classname="pytest_harvest.tests.test_doc_example" file="pytest_harvest/tests/test_doc_example.py" line="22" name="test_my_app_bench[C-1]" time="0.00427556037902832"></testcase><testcase classname="pytest_harvest.tests.test_doc_example" file="pytest_harvest/tests/test_doc_example.py" line="22" name="test_my_app_bench[C-2]" time="0.0035796165466308594"></testcase><testcase classname="pytest_harvest.tests.test_doc_example" file="pytest_harvest/tests/test_doc_example.py" line="36" name="test_basic" time="0.0007290840148925781"></testcase><testcase classname="pytest_harvest.tests.test_doc_example" file="pytest_harvest/tests/test_doc_example.py" line="42" name="test_synthesis" time="0.010224580764770508"><system-out>test_id                 pytest_obj                                      status      duration_ms    algo_param  dataset_param      accuracy  dataset
----------------------  ----------------------------------------------  --------  -------------  ------------  ---------------  ----------  -------------
test_my_app_bench[A-1]  &lt;function test_my_app_bench at 0x7f4e863d26a8&gt;  passed        0.184774              1  A                  0.825487  my dataset #A
test_my_app_bench[A-2]  &lt;function test_my_app_bench at 0x7f4e863d26a8&gt;  passed        0.092268              2  A                  0.542818  my dataset #A
test_my_app_bench[B-1]  &lt;function test_my_app_bench at 0x7f4e863d26a8&gt;  passed        0.0946522             1  B                  0.550072  my dataset #B
test_my_app_bench[B-2]  &lt;function test_my_app_bench at 0x7f4e863d26a8&gt;  passed        0.0960827             2  B                  0.599203  my dataset #B
test_my_app_bench[C-1]  &lt;function test_my_app_bench at 0x7f4e863d26a8&gt;  passed        0.199318              1  C                  0.261951  my dataset #C
test_my_app_bench[C-2]  &lt;function test_my_app_bench at 0x7f4e863d26a8&gt;  passed        0.191927              2  C                  0.191089  my dataset #C
test_basic              &lt;function test_basic at 0x7f4e863d2840&gt;         passed        0.213861            nan  nan              nan         nan
</system-out></testcase><testcase classname="pytest_harvest.tests.test_doc_example_custom" file="pytest_harvest/tests/test_doc_example_custom.py" line="34" name="test_my_app_bench[A-1]" time="0.004316091537475586"></testcase><testcase classname="pytest_harvest.tests.test_doc_example_custom" file="pytest_harvest/tests/test_doc_example_custom.py" line="34" name="test_my_app_bench[A-2]" time="0.0035474300384521484"></testcase><testcase classname="pytest_harvest.tests.test_doc_example_custom" file="pytest_harvest/tests/test_doc_example_custom.py" line="34" name="test_my_app_bench[B-1]" time="0.003551006317138672"></testcase><testcase classname="pytest_harvest.tests.test_doc_example_custom" file="pytest_harvest/tests/test_doc_example_custom.py" line="34" name="test_my_app_bench[B-2]" time="0.003427743911743164"></testcase><testcase classname="pytest_harvest.tests.test_doc_example_custom" file="pytest_harvest/tests/test_doc_example_custom.py" line="34" name="test_my_app_bench[C-1]" time="0.0032148361206054688"></testcase><testcase classname="pytest_harvest.tests.test_doc_example_custom" file="pytest_harvest/tests/test_doc_example_custom.py" line="34" name="test_my_app_bench[C-2]" time="0.003270387649536133"></testcase><testcase classname="pytest_harvest.tests.test_doc_example_custom" file="pytest_harvest/tests/test_doc_example_custom.py" line="48" name="test_basic" time="0.0007755756378173828"></testcase><testcase classname="pytest_harvest.tests.test_doc_example_custom" file="pytest_harvest/tests/test_doc_example_custom.py" line="54" name="test_synthesis" time="0.00949239730834961"><system-out>
Keys:
test_my_app_bench[A-1]
test_my_app_bench[A-2]
test_my_app_bench[B-1]
test_my_app_bench[B-2]
test_my_app_bench[C-1]
test_my_app_bench[C-2]
test_basic

First node:
&apos;pytest_obj&apos;: &lt;function test_my_app_bench at 0x7f4e7e147d90&gt;
&apos;status&apos;: &apos;passed&apos;
&apos;duration_ms&apos;: 0.24962425231933594
&apos;algo_param&apos;: 1
&apos;dataset_param&apos;: &apos;A&apos;
&apos;dataset&apos;: &apos;my dataset #A&apos;
&apos;accuracy&apos;: 0.21957458205772828
test_id                 status      duration_ms    algo_param  dataset_param    dataset           accuracy
----------------------  --------  -------------  ------------  ---------------  -------------  -----------
test_my_app_bench[A-1]  passed         0.249624             1  A                my dataset #A    0.219575
test_my_app_bench[A-2]  passed         0.199556             2  A                my dataset #A    0.575482
test_my_app_bench[B-1]  passed         0.192881             1  B                my dataset #B    0.171763
test_my_app_bench[B-2]  passed         0.183821             2  B                my dataset #B    0.0653575
test_my_app_bench[C-1]  passed         0.182629             1  C                my dataset #C    0.632959
test_my_app_bench[C-2]  passed         0.211477             2  C                my dataset #C    0.423904
test_basic              passed         0.181913           nan  nan              nan            nan
</system-out></testcase><testcase classname="pytest_harvest.tests.test_results_bag_basic" file="pytest_harvest/tests/test_results_bag_basic.py" line="3" name="test_results_bag_basic" time="0.0009756088256835938"></testcase><testcase classname="pytest_harvest.tests.test_unicode_literals" file="pytest_harvest/tests/test_unicode_literals.py" line="4" name="test_filterset" time="0.0010595321655273438"></testcase></testsuite>